
########################
If you are using hd-bet, please cite the following paper:
Isensee F, Schell M, Tursunova I, Brugnara G, Bonekamp D, Neuberger U, Wick A, Schlemmer HP, Heiland S, Wick W,Bendszus M, Maier-Hein KH, Kickingereder P. Automated brain extraction of multi-sequence MRI using artificialneural networks. arXiv preprint arXiv:1901.11341, 2019.
########################

File: /data/tmp/PGBM/raw_niftis/PGBM_native_t1.nii.gz
preprocessing...
image shape after preprocessing:  (95, 204, 204)
prediction (CNN id)...
0
1
2
3
4
running postprocessing... 
exporting segmentation...

************************************************
subprocess call: hd-bet -i /data/tmp/PGBM/raw_niftis/PGBM_native_t1.nii.gz -o /data/tmp/PGBM/hdbet_native-space/PGBM_hdbet_native_t1.nii.gz -s 1
************************************************
************************************************
start time: 2021-05-20 21:42:26.170710
end time: 21:43:59.813523
time elapsed: 1.5607137004534404 minutes
************************************************
