/home/user/miniconda/envs/py36/lib/python3.6/site-packages/torch/cuda/__init__.py:95: UserWarning: 
    Found GPU0 Tesla T4 which requires CUDA_VERSION >= 9000 for
     optimal performance and fast startup time, but your PyTorch was compiled
     with CUDA_VERSION 8000. Please install the correct PyTorch binary
     using instructions from http://pytorch.org
    
  warnings.warn(incorrect_binary_warn % (d, name, 9000, CUDA_VERSION))
=> loading checkpoint 'checkpoint.pth.tar'
=> loading checkpoint 'checkpoint_2.pth.tar'
(240, 240, 155)
(240, 5, 256, 256)
(0, 16, 101)
.
(240, 240, 155)
(240, 5, 256, 256)
(0, 16, 101)
.
(240, 240, 155)
(155, 5, 256, 256)
(0, 16, 16)
.
(240, 240, 155)
(240, 5, 256, 256)
(0, 16, 101)
.
(240, 240, 155)
(240, 5, 256, 256)
(0, 16, 101)
.
(240, 240, 155)
(155, 5, 256, 256)
(0, 16, 16)
.
DeepSCAN_BRATS.py:950: RuntimeWarning: divide by zero encountered in true_divide
  full_var_0 = np.abs(full_logit_0/full_flip_0)
DeepSCAN_BRATS.py:950: RuntimeWarning: invalid value encountered in true_divide
  full_var_0 = np.abs(full_logit_0/full_flip_0)
DeepSCAN_BRATS.py:953: RuntimeWarning: divide by zero encountered in true_divide
  full_var_1 = np.abs(full_logit_1/full_flip_1)
DeepSCAN_BRATS.py:953: RuntimeWarning: invalid value encountered in true_divide
  full_var_1 = np.abs(full_logit_1/full_flip_1)
DeepSCAN_BRATS.py:956: RuntimeWarning: divide by zero encountered in true_divide
  full_var_2 = np.abs(full_logit_2/full_flip_2)
DeepSCAN_BRATS.py:956: RuntimeWarning: invalid value encountered in true_divide
  full_var_2 = np.abs(full_logit_2/full_flip_2)
DeepSCAN_BRATS.py:958: RuntimeWarning: divide by zero encountered in true_divide
  full_var_3 = np.abs(full_logit_3/full_flip_3)
DeepSCAN_BRATS.py:958: RuntimeWarning: invalid value encountered in true_divide
  full_var_3 = np.abs(full_logit_3/full_flip_3)
DeepSCAN_BRATS.py:961: RuntimeWarning: divide by zero encountered in true_divide
  full_var_4 = np.abs(full_logit_4/full_flip_4)
DeepSCAN_BRATS.py:961: RuntimeWarning: invalid value encountered in true_divide
  full_var_4 = np.abs(full_logit_4/full_flip_4)
DeepSCAN_BRATS.py:964: RuntimeWarning: divide by zero encountered in true_divide
  full_var_5 = np.abs(full_logit_5/full_flip_5)
DeepSCAN_BRATS.py:964: RuntimeWarning: invalid value encountered in true_divide
  full_var_5 = np.abs(full_logit_5/full_flip_5)
DeepSCAN_BRATS.py:988: RuntimeWarning: invalid value encountered in greater
  seg_var_ensemble = numpy.any(numpy.stack([weighted_logit[4]>0, weighted_logit[3]>0, weighted_logit[2]>0,weighted_logit[1]>0, full_logit[0]>0]), axis = 0)
DeepSCAN_BRATS.py:990: RuntimeWarning: invalid value encountered in greater
  edema = numpy.any(numpy.stack([weighted_logit[3]>0, weighted_logit[2]>0,weighted_logit[1]>0, weighted_logit[0]>0]), axis = 0)
DeepSCAN_BRATS.py:992: RuntimeWarning: invalid value encountered in greater
  core = numpy.any(numpy.stack([weighted_logit[2]>0,weighted_logit[1]>0, weighted_logit[0]>0]), axis = 0)
DeepSCAN_BRATS.py:994: RuntimeWarning: invalid value encountered in greater
  enhancing = np.logical_and(weighted_logit[1]>weighted_logit[0], core)
(240, 240, 155)
(240, 5, 256, 256)
(0, 16, 101)
.
(240, 240, 155)
(240, 5, 256, 256)
(0, 16, 101)
.
(240, 240, 155)
(155, 5, 256, 256)
(0, 16, 16)
.
(240, 240, 155)
(240, 5, 256, 256)
(0, 16, 101)
.
(240, 240, 155)
(240, 5, 256, 256)
(0, 16, 101)
.
(240, 240, 155)
(155, 5, 256, 256)
(0, 16, 16)
.
DeepSCAN_BRATS.py:1061: RuntimeWarning: divide by zero encountered in true_divide
  full_var_6 = np.abs(full_logit_6/full_flip_6)
DeepSCAN_BRATS.py:1061: RuntimeWarning: invalid value encountered in true_divide
  full_var_6 = np.abs(full_logit_6/full_flip_6)
DeepSCAN_BRATS.py:1064: RuntimeWarning: divide by zero encountered in true_divide
  full_var_7 = np.abs(full_logit_7/full_flip_7)
DeepSCAN_BRATS.py:1064: RuntimeWarning: invalid value encountered in true_divide
  full_var_7 = np.abs(full_logit_7/full_flip_7)
DeepSCAN_BRATS.py:1067: RuntimeWarning: divide by zero encountered in true_divide
  full_var_8 = np.abs(full_logit_8/full_flip_8)
DeepSCAN_BRATS.py:1067: RuntimeWarning: invalid value encountered in true_divide
  full_var_8 = np.abs(full_logit_8/full_flip_8)
DeepSCAN_BRATS.py:1069: RuntimeWarning: divide by zero encountered in true_divide
  full_var_9 = np.abs(full_logit_9/full_flip_9)
DeepSCAN_BRATS.py:1069: RuntimeWarning: invalid value encountered in true_divide
  full_var_9 = np.abs(full_logit_9/full_flip_9)
DeepSCAN_BRATS.py:1072: RuntimeWarning: divide by zero encountered in true_divide
  full_var_10 = np.abs(full_logit_10/full_flip_10)
DeepSCAN_BRATS.py:1072: RuntimeWarning: invalid value encountered in true_divide
  full_var_10 = np.abs(full_logit_10/full_flip_10)
DeepSCAN_BRATS.py:1075: RuntimeWarning: divide by zero encountered in true_divide
  full_var_11 = np.abs(full_logit_11/full_flip_11)
DeepSCAN_BRATS.py:1075: RuntimeWarning: invalid value encountered in true_divide
  full_var_11 = np.abs(full_logit_11/full_flip_11)
DeepSCAN_BRATS.py:1093: RuntimeWarning: invalid value encountered in greater
  seg_var_ensemble = numpy.any(numpy.stack([weighted_logit[4]>0, weighted_logit[3]>0, weighted_logit[2]>0,weighted_logit[1]>0, full_logit[0]>0]), axis = 0)
DeepSCAN_BRATS.py:1095: RuntimeWarning: invalid value encountered in greater
  edema = numpy.any(numpy.stack([weighted_logit[3]>0, weighted_logit[2]>0,weighted_logit[1]>0, weighted_logit[0]>0]), axis = 0)
DeepSCAN_BRATS.py:1097: RuntimeWarning: invalid value encountered in greater
  core = numpy.any(numpy.stack([weighted_logit[2]>0,weighted_logit[1]>0, weighted_logit[0]>0]), axis = 0)
DeepSCAN_BRATS.py:1099: RuntimeWarning: invalid value encountered in greater
  enhancing = np.logical_and(weighted_logit[1]>weighted_logit[0], core)
