2021-02-08 04:43:35,831 DEBUG:DIRNAME is: /root/BraTS-Toolkit/example_data/output_segmentor/TCGA-DU-7294
2021-02-08 04:43:35,831 DEBUG:FILENAME is: mic-dkfz.nii.gz
2021-02-08 04:43:35,831 INFO:Now running a new set of segmentations on input: example_data/output_preprocessor_batch/TCGA-DU-7294/hdbet_brats-space
2021-02-08 04:43:35,831 DEBUG:/root/BraTS-Toolkit/src/brats-toolkit/brats_toolkit/tmp0m4l2q68
2021-02-08 04:43:35,831 DEBUG:/root/BraTS-Toolkit/src/brats-toolkit/brats_toolkit/tmp0m4l2q68/results
2021-02-08 04:43:35,832 INFO:Called singleSegment with docker: mic-dkfz
2021-02-08 04:43:35,832 INFO:[Weborchestra][Success]Loaded fileformat: {'fla': 'fla.nii.gz', 't1c': 't1c.nii.gz', 't1': 't1.nii.gz', 't2': 't2.nii.gz'}
2021-02-08 04:43:35,969 INFO:[Weborchestra][Info] Writing to path /root/BraTS-Toolkit/src/brats-toolkit/brats_toolkit/tmp0m4l2q68/fla.nii.gz
2021-02-08 04:43:36,614 INFO:[Weborchestra][Info] Writing to path /root/BraTS-Toolkit/src/brats-toolkit/brats_toolkit/tmp0m4l2q68/t2.nii.gz
2021-02-08 04:43:37,255 INFO:[Weborchestra][Info] Writing to path /root/BraTS-Toolkit/src/brats-toolkit/brats_toolkit/tmp0m4l2q68/t1.nii.gz
2021-02-08 04:43:37,999 INFO:[Weborchestra][Info] Writing to path /root/BraTS-Toolkit/src/brats-toolkit/brats_toolkit/tmp0m4l2q68/t1c.nii.gz
2021-02-08 04:43:38,614 INFO:[Weborchestra][Info] Images saved correctly
2021-02-08 04:43:38,614 INFO:[Weborchestra][Info] Starting the Segmentation with mic-dkfz now
2021-02-08 04:43:38,615 INFO:Now running a segmentation with the Docker mic-dkfz.
2021-02-08 04:43:38,615 INFO:Output will be in /root/BraTS-Toolkit/example_data/output_segmentor/TCGA-DU-7294.
2021-02-08 04:45:49,577 INFO:Container exited without error
2021-02-08 04:45:49,577 INFO:[Weborchestra][Success] Segmentation saved
2021-02-08 04:45:49,676 DEBUG:DIRNAME is: /root/BraTS-Toolkit/example_data/output_segmentor/TCGA-DU-7294
2021-02-08 04:45:49,676 DEBUG:FILENAME is: scan.nii.gz
2021-02-08 04:45:49,677 INFO:Now running a new set of segmentations on input: example_data/output_preprocessor_batch/TCGA-DU-7294/hdbet_brats-space
2021-02-08 04:45:49,677 DEBUG:/root/BraTS-Toolkit/src/brats-toolkit/brats_toolkit/tmpiy3o993p
2021-02-08 04:45:49,677 DEBUG:/root/BraTS-Toolkit/src/brats-toolkit/brats_toolkit/tmpiy3o993p/results
2021-02-08 04:45:49,677 INFO:Called singleSegment with docker: scan
2021-02-08 04:45:49,677 INFO:[Weborchestra][Success]Loaded fileformat: {'fla': 'flair.nii', 't1c': 't1ce.nii', 't1': 't1.nii', 't2': 't2.nii'}
2021-02-08 04:45:49,818 INFO:[Weborchestra][Info] Writing to path /root/BraTS-Toolkit/src/brats-toolkit/brats_toolkit/tmpiy3o993p/flair.nii
2021-02-08 04:45:49,975 INFO:[Weborchestra][Info] Writing to path /root/BraTS-Toolkit/src/brats-toolkit/brats_toolkit/tmpiy3o993p/t2.nii
2021-02-08 04:45:50,143 INFO:[Weborchestra][Info] Writing to path /root/BraTS-Toolkit/src/brats-toolkit/brats_toolkit/tmpiy3o993p/t1.nii
2021-02-08 04:45:50,313 INFO:[Weborchestra][Info] Writing to path /root/BraTS-Toolkit/src/brats-toolkit/brats_toolkit/tmpiy3o993p/t1ce.nii
2021-02-08 04:45:50,337 INFO:[Weborchestra][Info] Images saved correctly
2021-02-08 04:45:50,337 INFO:[Weborchestra][Info] Starting the Segmentation with scan now
2021-02-08 04:45:50,337 INFO:Now running a segmentation with the Docker scan.
2021-02-08 04:45:50,337 INFO:Output will be in /root/BraTS-Toolkit/example_data/output_segmentor/TCGA-DU-7294.
2021-02-08 05:16:38,321 INFO:Container exited without error
2021-02-08 05:16:38,324 INFO:[Weborchestra][Success] Segmentation saved
2021-02-08 05:16:38,695 DEBUG:DIRNAME is: /root/BraTS-Toolkit/example_data/output_segmentor/TCGA-DU-7294
2021-02-08 05:16:38,695 DEBUG:FILENAME is: xfeng.nii.gz
2021-02-08 05:16:38,695 INFO:Now running a new set of segmentations on input: example_data/output_preprocessor_batch/TCGA-DU-7294/hdbet_brats-space
2021-02-08 05:16:38,698 DEBUG:/root/BraTS-Toolkit/src/brats-toolkit/brats_toolkit/tmpwd2lgblg
2021-02-08 05:16:38,698 DEBUG:/root/BraTS-Toolkit/src/brats-toolkit/brats_toolkit/tmpwd2lgblg/results
2021-02-08 05:16:38,698 INFO:Called singleSegment with docker: xfeng
2021-02-08 05:16:38,699 INFO:[Weborchestra][Success]Loaded fileformat: {'fla': 'fla.nii.gz', 't1c': 't1c.nii.gz', 't1': 't1.nii.gz', 't2': 't2.nii.gz'}
2021-02-08 05:16:38,835 INFO:[Weborchestra][Info] Writing to path /root/BraTS-Toolkit/src/brats-toolkit/brats_toolkit/tmpwd2lgblg/fla.nii.gz
2021-02-08 05:16:39,476 INFO:[Weborchestra][Info] Writing to path /root/BraTS-Toolkit/src/brats-toolkit/brats_toolkit/tmpwd2lgblg/t2.nii.gz
2021-02-08 05:16:40,104 INFO:[Weborchestra][Info] Writing to path /root/BraTS-Toolkit/src/brats-toolkit/brats_toolkit/tmpwd2lgblg/t1.nii.gz
2021-02-08 05:16:40,842 INFO:[Weborchestra][Info] Writing to path /root/BraTS-Toolkit/src/brats-toolkit/brats_toolkit/tmpwd2lgblg/t1c.nii.gz
2021-02-08 05:16:41,442 INFO:[Weborchestra][Info] Images saved correctly
2021-02-08 05:16:41,442 INFO:[Weborchestra][Info] Starting the Segmentation with xfeng now
2021-02-08 05:16:41,442 INFO:Now running a segmentation with the Docker xfeng.
2021-02-08 05:16:41,442 INFO:Output will be in /root/BraTS-Toolkit/example_data/output_segmentor/TCGA-DU-7294.
2021-02-08 05:33:28,543 INFO:Container exited without error
2021-02-08 05:33:28,544 INFO:[Weborchestra][Success] Segmentation saved
2021-02-08 05:33:28,637 DEBUG:DIRNAME is: /root/BraTS-Toolkit/example_data/output_segmentor/TCGA-DU-7294
2021-02-08 05:33:28,637 DEBUG:FILENAME is: lfb_rwth.nii.gz
2021-02-08 05:33:28,637 INFO:Now running a new set of segmentations on input: example_data/output_preprocessor_batch/TCGA-DU-7294/hdbet_brats-space
2021-02-08 05:33:28,638 DEBUG:/root/BraTS-Toolkit/src/brats-toolkit/brats_toolkit/tmpv70u2k7i
2021-02-08 05:33:28,638 DEBUG:/root/BraTS-Toolkit/src/brats-toolkit/brats_toolkit/tmpv70u2k7i/results
2021-02-08 05:33:28,638 INFO:Called singleSegment with docker: lfb_rwth
2021-02-08 05:33:28,638 INFO:[Weborchestra][Success]Loaded fileformat: {'fla': 'flair.nii.gz', 't1c': 't1ce.nii.gz', 't1': 't1.nii.gz', 't2': 't2.nii.gz'}
2021-02-08 05:33:28,775 INFO:[Weborchestra][Info] Writing to path /root/BraTS-Toolkit/src/brats-toolkit/brats_toolkit/tmpv70u2k7i/flair.nii.gz
2021-02-08 05:33:29,417 INFO:[Weborchestra][Info] Writing to path /root/BraTS-Toolkit/src/brats-toolkit/brats_toolkit/tmpv70u2k7i/t2.nii.gz
2021-02-08 05:33:30,049 INFO:[Weborchestra][Info] Writing to path /root/BraTS-Toolkit/src/brats-toolkit/brats_toolkit/tmpv70u2k7i/t1.nii.gz
2021-02-08 05:33:30,788 INFO:[Weborchestra][Info] Writing to path /root/BraTS-Toolkit/src/brats-toolkit/brats_toolkit/tmpv70u2k7i/t1ce.nii.gz
2021-02-08 05:33:31,391 INFO:[Weborchestra][Info] Images saved correctly
2021-02-08 05:33:31,391 INFO:[Weborchestra][Info] Starting the Segmentation with lfb_rwth now
2021-02-08 05:33:31,391 INFO:Now running a segmentation with the Docker lfb_rwth.
2021-02-08 05:33:31,391 INFO:Output will be in /root/BraTS-Toolkit/example_data/output_segmentor/TCGA-DU-7294.
2021-02-08 05:51:27,758 INFO:Container exited without error
2021-02-08 05:51:27,760 INFO:[Weborchestra][Success] Segmentation saved
2021-02-08 05:51:28,383 DEBUG:DIRNAME is: /root/BraTS-Toolkit/example_data/output_segmentor/TCGA-DU-7294
2021-02-08 05:51:28,383 DEBUG:FILENAME is: zyx_2019.nii.gz
2021-02-08 05:51:28,383 INFO:Now running a new set of segmentations on input: example_data/output_preprocessor_batch/TCGA-DU-7294/hdbet_brats-space
2021-02-08 05:51:28,386 DEBUG:/root/BraTS-Toolkit/src/brats-toolkit/brats_toolkit/tmpc9erhr01
2021-02-08 05:51:28,386 DEBUG:/root/BraTS-Toolkit/src/brats-toolkit/brats_toolkit/tmpc9erhr01/results
2021-02-08 05:51:28,386 INFO:Called singleSegment with docker: zyx_2019
2021-02-08 05:51:28,388 INFO:[Weborchestra][Success]Loaded fileformat: {'fla': 'pat_flair.nii.gz', 't1c': 'pat_t1ce.nii.gz', 't1': 'pat_t1.nii.gz', 't2': 'pat_t2.nii.gz'}
2021-02-08 05:51:28,536 INFO:[Weborchestra][Info] Writing to path /root/BraTS-Toolkit/src/brats-toolkit/brats_toolkit/tmpc9erhr01/pat_flair.nii.gz
2021-02-08 05:51:29,205 INFO:[Weborchestra][Info] Writing to path /root/BraTS-Toolkit/src/brats-toolkit/brats_toolkit/tmpc9erhr01/pat_t2.nii.gz
2021-02-08 05:51:29,842 INFO:[Weborchestra][Info] Writing to path /root/BraTS-Toolkit/src/brats-toolkit/brats_toolkit/tmpc9erhr01/pat_t1.nii.gz
2021-02-08 05:51:30,575 INFO:[Weborchestra][Info] Writing to path /root/BraTS-Toolkit/src/brats-toolkit/brats_toolkit/tmpc9erhr01/pat_t1ce.nii.gz
2021-02-08 05:51:31,174 INFO:[Weborchestra][Info] Images saved correctly
2021-02-08 05:51:31,174 INFO:[Weborchestra][Info] Starting the Segmentation with zyx_2019 now
2021-02-08 05:51:31,174 INFO:Now running a segmentation with the Docker zyx_2019.
2021-02-08 05:51:31,174 INFO:Output will be in /root/BraTS-Toolkit/example_data/output_segmentor/TCGA-DU-7294.
2021-02-08 05:53:37,949 INFO:Container exited without error
2021-02-08 05:53:37,950 INFO:[Weborchestra][Success] Segmentation saved
2021-02-08 05:53:38,266 DEBUG:DIRNAME is: /root/BraTS-Toolkit/example_data/output_segmentor/TCGA-DU-7294
2021-02-08 05:53:38,266 DEBUG:FILENAME is: scan_2019.nii.gz
2021-02-08 05:53:38,266 INFO:Now running a new set of segmentations on input: example_data/output_preprocessor_batch/TCGA-DU-7294/hdbet_brats-space
2021-02-08 05:53:38,267 DEBUG:/root/BraTS-Toolkit/src/brats-toolkit/brats_toolkit/tmp_tc14s00
2021-02-08 05:53:38,267 DEBUG:/root/BraTS-Toolkit/src/brats-toolkit/brats_toolkit/tmp_tc14s00/results
2021-02-08 05:53:38,267 INFO:Called singleSegment with docker: scan_2019
2021-02-08 05:53:38,267 INFO:[Weborchestra][Success]Loaded fileformat: {'fla': 'pat_flair.nii.gz', 't1c': 'pat_t1ce.nii.gz', 't1': 'pat_t1.nii.gz', 't2': 'pat_t2.nii.gz'}
2021-02-08 05:53:38,407 INFO:[Weborchestra][Info] Writing to path /root/BraTS-Toolkit/src/brats-toolkit/brats_toolkit/tmp_tc14s00/pat_flair.nii.gz
2021-02-08 05:53:39,055 INFO:[Weborchestra][Info] Writing to path /root/BraTS-Toolkit/src/brats-toolkit/brats_toolkit/tmp_tc14s00/pat_t2.nii.gz
2021-02-08 05:53:39,695 INFO:[Weborchestra][Info] Writing to path /root/BraTS-Toolkit/src/brats-toolkit/brats_toolkit/tmp_tc14s00/pat_t1.nii.gz
2021-02-08 05:53:40,442 INFO:[Weborchestra][Info] Writing to path /root/BraTS-Toolkit/src/brats-toolkit/brats_toolkit/tmp_tc14s00/pat_t1ce.nii.gz
2021-02-08 05:53:41,048 INFO:[Weborchestra][Info] Images saved correctly
2021-02-08 05:53:41,049 INFO:[Weborchestra][Info] Starting the Segmentation with scan_2019 now
2021-02-08 05:53:41,049 INFO:Now running a segmentation with the Docker scan_2019.
2021-02-08 05:53:41,049 INFO:Output will be in /root/BraTS-Toolkit/example_data/output_segmentor/TCGA-DU-7294.
2021-02-08 06:23:21,192 INFO:Container exited without error
2021-02-08 06:23:21,193 INFO:[Weborchestra][Success] Segmentation saved
2021-02-08 19:03:56,570 DEBUG:DIRNAME is: /root/BraTS-Toolkit/example_data/output_segmentor/TCGA-DU-7294
2021-02-08 19:03:56,571 DEBUG:FILENAME is: mic-dkfz.nii.gz
2021-02-08 19:03:56,571 INFO:Now running a new set of segmentations on input: example_data/output_preprocessor_batch/PGBM/hdbet_brats-space
2021-02-08 19:03:56,571 DEBUG:/root/BraTS-Toolkit/src/brats-toolkit/brats_toolkit/tmpay4487_u
2021-02-08 19:03:56,571 DEBUG:/root/BraTS-Toolkit/src/brats-toolkit/brats_toolkit/tmpay4487_u/results
2021-02-08 19:03:56,571 INFO:Called singleSegment with docker: mic-dkfz
2021-02-08 19:03:56,571 INFO:[Weborchestra][Success]Loaded fileformat: {'t1': 't1.nii.gz', 'fla': 'fla.nii.gz', 't1c': 't1c.nii.gz', 't2': 't2.nii.gz'}
2021-02-08 19:03:56,721 INFO:[Weborchestra][Info] Writing to path /root/BraTS-Toolkit/src/brats-toolkit/brats_toolkit/tmpay4487_u/t1.nii.gz
2021-02-08 19:03:57,403 INFO:[Weborchestra][Info] Writing to path /root/BraTS-Toolkit/src/brats-toolkit/brats_toolkit/tmpay4487_u/fla.nii.gz
2021-02-08 19:03:58,091 INFO:[Weborchestra][Info] Writing to path /root/BraTS-Toolkit/src/brats-toolkit/brats_toolkit/tmpay4487_u/t1c.nii.gz
2021-02-08 19:03:58,798 INFO:[Weborchestra][Info] Writing to path /root/BraTS-Toolkit/src/brats-toolkit/brats_toolkit/tmpay4487_u/t2.nii.gz
2021-02-08 19:03:59,324 INFO:[Weborchestra][Info] Images saved correctly
2021-02-08 19:03:59,325 INFO:[Weborchestra][Info] Starting the Segmentation with mic-dkfz now
2021-02-08 19:03:59,325 INFO:Now running a segmentation with the Docker mic-dkfz.
2021-02-08 19:03:59,325 INFO:Output will be in /root/BraTS-Toolkit/example_data/output_segmentor/TCGA-DU-7294.
2021-02-08 19:05:07,160 INFO:Container exited without error
2021-02-08 19:05:07,161 INFO:[Weborchestra][Success] Segmentation saved
2021-02-08 19:05:07,268 DEBUG:DIRNAME is: /root/BraTS-Toolkit/example_data/output_segmentor/TCGA-DU-7294
2021-02-08 19:05:07,269 DEBUG:FILENAME is: scan.nii.gz
2021-02-08 19:05:07,269 INFO:Now running a new set of segmentations on input: example_data/output_preprocessor_batch/PGBM/hdbet_brats-space
2021-02-08 19:05:07,269 DEBUG:/root/BraTS-Toolkit/src/brats-toolkit/brats_toolkit/tmp6t9zb2v2
2021-02-08 19:05:07,269 DEBUG:/root/BraTS-Toolkit/src/brats-toolkit/brats_toolkit/tmp6t9zb2v2/results
2021-02-08 19:05:07,269 INFO:Called singleSegment with docker: scan
2021-02-08 19:05:07,269 INFO:[Weborchestra][Success]Loaded fileformat: {'t1': 't1.nii', 'fla': 'flair.nii', 't1c': 't1ce.nii', 't2': 't2.nii'}
2021-02-08 19:05:07,421 INFO:[Weborchestra][Info] Writing to path /root/BraTS-Toolkit/src/brats-toolkit/brats_toolkit/tmp6t9zb2v2/t1.nii
2021-02-08 19:05:07,592 INFO:[Weborchestra][Info] Writing to path /root/BraTS-Toolkit/src/brats-toolkit/brats_toolkit/tmp6t9zb2v2/flair.nii
2021-02-08 19:05:07,763 INFO:[Weborchestra][Info] Writing to path /root/BraTS-Toolkit/src/brats-toolkit/brats_toolkit/tmp6t9zb2v2/t1ce.nii
2021-02-08 19:05:07,928 INFO:[Weborchestra][Info] Writing to path /root/BraTS-Toolkit/src/brats-toolkit/brats_toolkit/tmp6t9zb2v2/t2.nii
2021-02-08 19:05:07,951 INFO:[Weborchestra][Info] Images saved correctly
2021-02-08 19:05:07,952 INFO:[Weborchestra][Info] Starting the Segmentation with scan now
2021-02-08 19:05:07,952 INFO:Now running a segmentation with the Docker scan.
2021-02-08 19:05:07,952 INFO:Output will be in /root/BraTS-Toolkit/example_data/output_segmentor/TCGA-DU-7294.
2021-02-08 19:34:26,088 INFO:Container exited without error
2021-02-08 19:34:26,089 INFO:[Weborchestra][Success] Segmentation saved
2021-02-08 19:34:26,463 DEBUG:DIRNAME is: /root/BraTS-Toolkit/example_data/output_segmentor/TCGA-DU-7294
2021-02-08 19:34:26,464 DEBUG:FILENAME is: xfeng.nii.gz
2021-02-08 19:34:26,464 INFO:Now running a new set of segmentations on input: example_data/output_preprocessor_batch/PGBM/hdbet_brats-space
2021-02-08 19:34:26,466 DEBUG:/root/BraTS-Toolkit/src/brats-toolkit/brats_toolkit/tmp1lmd2u_q
2021-02-08 19:34:26,466 DEBUG:/root/BraTS-Toolkit/src/brats-toolkit/brats_toolkit/tmp1lmd2u_q/results
2021-02-08 19:34:26,466 INFO:Called singleSegment with docker: xfeng
2021-02-08 19:34:26,471 INFO:[Weborchestra][Success]Loaded fileformat: {'t1': 't1.nii.gz', 'fla': 'fla.nii.gz', 't1c': 't1c.nii.gz', 't2': 't2.nii.gz'}
2021-02-08 19:34:26,638 INFO:[Weborchestra][Info] Writing to path /root/BraTS-Toolkit/src/brats-toolkit/brats_toolkit/tmp1lmd2u_q/t1.nii.gz
2021-02-08 19:34:27,330 INFO:[Weborchestra][Info] Writing to path /root/BraTS-Toolkit/src/brats-toolkit/brats_toolkit/tmp1lmd2u_q/fla.nii.gz
2021-02-08 19:34:28,018 INFO:[Weborchestra][Info] Writing to path /root/BraTS-Toolkit/src/brats-toolkit/brats_toolkit/tmp1lmd2u_q/t1c.nii.gz
2021-02-08 19:34:28,726 INFO:[Weborchestra][Info] Writing to path /root/BraTS-Toolkit/src/brats-toolkit/brats_toolkit/tmp1lmd2u_q/t2.nii.gz
2021-02-08 19:34:29,247 INFO:[Weborchestra][Info] Images saved correctly
2021-02-08 19:34:29,248 INFO:[Weborchestra][Info] Starting the Segmentation with xfeng now
2021-02-08 19:34:29,248 INFO:Now running a segmentation with the Docker xfeng.
2021-02-08 19:34:29,248 INFO:Output will be in /root/BraTS-Toolkit/example_data/output_segmentor/TCGA-DU-7294.
2021-02-08 19:48:43,241 INFO:Container exited without error
2021-02-08 19:48:43,241 INFO:[Weborchestra][Success] Segmentation saved
2021-02-08 19:48:43,343 DEBUG:DIRNAME is: /root/BraTS-Toolkit/example_data/output_segmentor/TCGA-DU-7294
2021-02-08 19:48:43,343 DEBUG:FILENAME is: lfb_rwth.nii.gz
2021-02-08 19:48:43,343 INFO:Now running a new set of segmentations on input: example_data/output_preprocessor_batch/PGBM/hdbet_brats-space
2021-02-08 19:48:43,343 DEBUG:/root/BraTS-Toolkit/src/brats-toolkit/brats_toolkit/tmpn5yijdq9
2021-02-08 19:48:43,343 DEBUG:/root/BraTS-Toolkit/src/brats-toolkit/brats_toolkit/tmpn5yijdq9/results
2021-02-08 19:48:43,344 INFO:Called singleSegment with docker: lfb_rwth
2021-02-08 19:48:43,344 INFO:[Weborchestra][Success]Loaded fileformat: {'t1': 't1.nii.gz', 'fla': 'flair.nii.gz', 't1c': 't1ce.nii.gz', 't2': 't2.nii.gz'}
2021-02-08 19:48:43,494 INFO:[Weborchestra][Info] Writing to path /root/BraTS-Toolkit/src/brats-toolkit/brats_toolkit/tmpn5yijdq9/t1.nii.gz
2021-02-08 19:48:44,175 INFO:[Weborchestra][Info] Writing to path /root/BraTS-Toolkit/src/brats-toolkit/brats_toolkit/tmpn5yijdq9/flair.nii.gz
2021-02-08 19:48:44,870 INFO:[Weborchestra][Info] Writing to path /root/BraTS-Toolkit/src/brats-toolkit/brats_toolkit/tmpn5yijdq9/t1ce.nii.gz
2021-02-08 19:48:45,573 INFO:[Weborchestra][Info] Writing to path /root/BraTS-Toolkit/src/brats-toolkit/brats_toolkit/tmpn5yijdq9/t2.nii.gz
2021-02-08 19:48:46,097 INFO:[Weborchestra][Info] Images saved correctly
2021-02-08 19:48:46,097 INFO:[Weborchestra][Info] Starting the Segmentation with lfb_rwth now
2021-02-08 19:48:46,097 INFO:Now running a segmentation with the Docker lfb_rwth.
2021-02-08 19:48:46,097 INFO:Output will be in /root/BraTS-Toolkit/example_data/output_segmentor/TCGA-DU-7294.
2021-02-08 21:36:05,653 INFO:Container exited without error
2021-02-08 21:36:05,658 INFO:[Weborchestra][Success] Segmentation saved
2021-02-08 21:36:06,294 DEBUG:DIRNAME is: /root/BraTS-Toolkit/example_data/output_segmentor/TCGA-DU-7294
2021-02-08 21:36:06,294 DEBUG:FILENAME is: zyx_2019.nii.gz
2021-02-08 21:36:06,295 INFO:Now running a new set of segmentations on input: example_data/output_preprocessor_batch/PGBM/hdbet_brats-space
2021-02-08 21:36:06,295 DEBUG:/root/BraTS-Toolkit/src/brats-toolkit/brats_toolkit/tmp3fsi8o59
2021-02-08 21:36:06,295 DEBUG:/root/BraTS-Toolkit/src/brats-toolkit/brats_toolkit/tmp3fsi8o59/results
2021-02-08 21:36:06,295 INFO:Called singleSegment with docker: zyx_2019
2021-02-08 21:36:06,295 INFO:[Weborchestra][Success]Loaded fileformat: {'t1': 'pat_t1.nii.gz', 'fla': 'pat_flair.nii.gz', 't1c': 'pat_t1ce.nii.gz', 't2': 'pat_t2.nii.gz'}
2021-02-08 21:36:06,443 INFO:[Weborchestra][Info] Writing to path /root/BraTS-Toolkit/src/brats-toolkit/brats_toolkit/tmp3fsi8o59/pat_t1.nii.gz
2021-02-08 21:36:07,116 INFO:[Weborchestra][Info] Writing to path /root/BraTS-Toolkit/src/brats-toolkit/brats_toolkit/tmp3fsi8o59/pat_flair.nii.gz
2021-02-08 21:36:07,792 INFO:[Weborchestra][Info] Writing to path /root/BraTS-Toolkit/src/brats-toolkit/brats_toolkit/tmp3fsi8o59/pat_t1ce.nii.gz
2021-02-08 21:36:08,488 INFO:[Weborchestra][Info] Writing to path /root/BraTS-Toolkit/src/brats-toolkit/brats_toolkit/tmp3fsi8o59/pat_t2.nii.gz
2021-02-08 21:36:09,006 INFO:[Weborchestra][Info] Images saved correctly
2021-02-08 21:36:09,006 INFO:[Weborchestra][Info] Starting the Segmentation with zyx_2019 now
2021-02-08 21:36:09,006 INFO:Now running a segmentation with the Docker zyx_2019.
2021-02-08 21:36:09,007 INFO:Output will be in /root/BraTS-Toolkit/example_data/output_segmentor/TCGA-DU-7294.
2021-02-08 21:36:55,250 INFO:Container exited without error
2021-02-08 21:36:55,251 INFO:[Weborchestra][Success] Segmentation saved
2021-02-08 21:36:55,571 DEBUG:DIRNAME is: /root/BraTS-Toolkit/example_data/output_segmentor/TCGA-DU-7294
2021-02-08 21:36:55,571 DEBUG:FILENAME is: scan_2019.nii.gz
2021-02-08 21:36:55,571 INFO:Now running a new set of segmentations on input: example_data/output_preprocessor_batch/PGBM/hdbet_brats-space
2021-02-08 21:36:55,571 DEBUG:/root/BraTS-Toolkit/src/brats-toolkit/brats_toolkit/tmps9aixm_u
2021-02-08 21:36:55,572 DEBUG:/root/BraTS-Toolkit/src/brats-toolkit/brats_toolkit/tmps9aixm_u/results
2021-02-08 21:36:55,572 INFO:Called singleSegment with docker: scan_2019
2021-02-08 21:36:55,572 INFO:[Weborchestra][Success]Loaded fileformat: {'t1': 'pat_t1.nii.gz', 'fla': 'pat_flair.nii.gz', 't1c': 'pat_t1ce.nii.gz', 't2': 'pat_t2.nii.gz'}
2021-02-08 21:36:55,721 INFO:[Weborchestra][Info] Writing to path /root/BraTS-Toolkit/src/brats-toolkit/brats_toolkit/tmps9aixm_u/pat_t1.nii.gz
2021-02-08 21:36:56,397 INFO:[Weborchestra][Info] Writing to path /root/BraTS-Toolkit/src/brats-toolkit/brats_toolkit/tmps9aixm_u/pat_flair.nii.gz
2021-02-08 21:36:57,076 INFO:[Weborchestra][Info] Writing to path /root/BraTS-Toolkit/src/brats-toolkit/brats_toolkit/tmps9aixm_u/pat_t1ce.nii.gz
2021-02-08 21:36:57,778 INFO:[Weborchestra][Info] Writing to path /root/BraTS-Toolkit/src/brats-toolkit/brats_toolkit/tmps9aixm_u/pat_t2.nii.gz
2021-02-08 21:36:58,298 INFO:[Weborchestra][Info] Images saved correctly
2021-02-08 21:36:58,298 INFO:[Weborchestra][Info] Starting the Segmentation with scan_2019 now
2021-02-08 21:36:58,298 INFO:Now running a segmentation with the Docker scan_2019.
2021-02-08 21:36:58,298 INFO:Output will be in /root/BraTS-Toolkit/example_data/output_segmentor/TCGA-DU-7294.
2021-02-08 22:08:04,169 INFO:Container exited without error
2021-02-08 22:08:04,169 INFO:[Weborchestra][Success] Segmentation saved
