2021-02-08 19:34:35.106705: I tensorflow/core/platform/cpu_feature_guard.cc:141] Your CPU supports instructions that this TensorFlow binary was not compiled to use: AVX2 FMA
2021-02-08 19:34:35.306560: I tensorflow/stream_executor/cuda/cuda_gpu_executor.cc:897] successful NUMA node read from SysFS had negative value (-1), but there must be at least one NUMA node, so returning NUMA node zero
2021-02-08 19:34:35.307213: I tensorflow/core/common_runtime/gpu/gpu_device.cc:1405] Found device 0 with properties: 
name: Tesla T4 major: 7 minor: 5 memoryClockRate(GHz): 1.59
pciBusID: 0000:00:04.0
totalMemory: 14.75GiB freeMemory: 14.01GiB
2021-02-08 19:34:35.307272: I tensorflow/core/common_runtime/gpu/gpu_device.cc:1484] Adding visible gpu devices: 0
2021-02-08 19:34:36.768938: I tensorflow/core/common_runtime/gpu/gpu_device.cc:965] Device interconnect StreamExecutor with strength 1 edge matrix:
2021-02-08 19:34:36.768998: I tensorflow/core/common_runtime/gpu/gpu_device.cc:971]      0 
2021-02-08 19:34:36.769012: I tensorflow/core/common_runtime/gpu/gpu_device.cc:984] 0:   N 
2021-02-08 19:34:36.770252: I tensorflow/core/common_runtime/gpu/gpu_device.cc:1097] Created TensorFlow device (/job:localhost/replica:0/task:0/device:GPU:0 with 13543 MB memory) -> physical GPU (device: 0, name: Tesla T4, pci bus id: 0000:00:04.0, compute capability: 7.5)
WARNING:tensorflow:From /brats18/UNet3D.py:134: softmax_cross_entropy_with_logits (from tensorflow.python.ops.nn_ops) is deprecated and will be removed in a future version.
Instructions for updating:

Future major versions of TensorFlow will allow gradients to flow
into the labels input on backprop by default.

See @{tf.nn.softmax_cross_entropy_with_logits_v2}.

2021-02-08 19:37:30.792897: I tensorflow/core/common_runtime/gpu/gpu_device.cc:1484] Adding visible gpu devices: 0
2021-02-08 19:37:30.792985: I tensorflow/core/common_runtime/gpu/gpu_device.cc:965] Device interconnect StreamExecutor with strength 1 edge matrix:
2021-02-08 19:37:30.793004: I tensorflow/core/common_runtime/gpu/gpu_device.cc:971]      0 
2021-02-08 19:37:30.793026: I tensorflow/core/common_runtime/gpu/gpu_device.cc:984] 0:   N 
2021-02-08 19:37:30.793152: I tensorflow/core/common_runtime/gpu/gpu_device.cc:1097] Created TensorFlow device (/job:localhost/replica:0/task:0/device:GPU:0 with 13543 MB memory) -> physical GPU (device: 0, name: Tesla T4, pci bus id: 0000:00:04.0, compute capability: 7.5)
2021-02-08 19:40:09.262152: I tensorflow/core/common_runtime/gpu/gpu_device.cc:1484] Adding visible gpu devices: 0
2021-02-08 19:40:09.262232: I tensorflow/core/common_runtime/gpu/gpu_device.cc:965] Device interconnect StreamExecutor with strength 1 edge matrix:
2021-02-08 19:40:09.262247: I tensorflow/core/common_runtime/gpu/gpu_device.cc:971]      0 
2021-02-08 19:40:09.262262: I tensorflow/core/common_runtime/gpu/gpu_device.cc:984] 0:   N 
2021-02-08 19:40:09.267594: I tensorflow/core/common_runtime/gpu/gpu_device.cc:1097] Created TensorFlow device (/job:localhost/replica:0/task:0/device:GPU:0 with 13543 MB memory) -> physical GPU (device: 0, name: Tesla T4, pci bus id: 0000:00:04.0, compute capability: 7.5)
2021-02-08 19:43:23.401331: I tensorflow/core/common_runtime/gpu/gpu_device.cc:1484] Adding visible gpu devices: 0
2021-02-08 19:43:23.401418: I tensorflow/core/common_runtime/gpu/gpu_device.cc:965] Device interconnect StreamExecutor with strength 1 edge matrix:
2021-02-08 19:43:23.401442: I tensorflow/core/common_runtime/gpu/gpu_device.cc:971]      0 
2021-02-08 19:43:23.401460: I tensorflow/core/common_runtime/gpu/gpu_device.cc:984] 0:   N 
2021-02-08 19:43:23.401600: I tensorflow/core/common_runtime/gpu/gpu_device.cc:1097] Created TensorFlow device (/job:localhost/replica:0/task:0/device:GPU:0 with 13543 MB memory) -> physical GPU (device: 0, name: Tesla T4, pci bus id: 0000:00:04.0, compute capability: 7.5)
2021-02-08 19:46:36.812004: I tensorflow/core/common_runtime/gpu/gpu_device.cc:1484] Adding visible gpu devices: 0
2021-02-08 19:46:36.812081: I tensorflow/core/common_runtime/gpu/gpu_device.cc:965] Device interconnect StreamExecutor with strength 1 edge matrix:
2021-02-08 19:46:36.812123: I tensorflow/core/common_runtime/gpu/gpu_device.cc:971]      0 
2021-02-08 19:46:36.812133: I tensorflow/core/common_runtime/gpu/gpu_device.cc:984] 0:   N 
2021-02-08 19:46:36.812276: I tensorflow/core/common_runtime/gpu/gpu_device.cc:1097] Created TensorFlow device (/job:localhost/replica:0/task:0/device:GPU:0 with 13543 MB memory) -> physical GPU (device: 0, name: Tesla T4, pci bus id: 0000:00:04.0, compute capability: 7.5)
2021-02-08 19:47:40.447673: I tensorflow/core/common_runtime/gpu/gpu_device.cc:1484] Adding visible gpu devices: 0
2021-02-08 19:47:40.447738: I tensorflow/core/common_runtime/gpu/gpu_device.cc:965] Device interconnect StreamExecutor with strength 1 edge matrix:
2021-02-08 19:47:40.447754: I tensorflow/core/common_runtime/gpu/gpu_device.cc:971]      0 
2021-02-08 19:47:40.447789: I tensorflow/core/common_runtime/gpu/gpu_device.cc:984] 0:   N 
2021-02-08 19:47:40.447901: I tensorflow/core/common_runtime/gpu/gpu_device.cc:1097] Created TensorFlow device (/job:localhost/replica:0/task:0/device:GPU:0 with 13543 MB memory) -> physical GPU (device: 0, name: Tesla T4, pci bus id: 0000:00:04.0, compute capability: 7.5)
