2021-02-09 02:29:44,531 DEBUG:DIRNAME is: /root/BraTS-Toolkit/example_data/output_segmentor/PGBM
2021-02-09 02:29:44,531 DEBUG:FILENAME is: mic-dkfz.nii.gz
2021-02-09 02:29:44,531 INFO:Now running a new set of segmentations on input: example_data/output_preprocessor_batch/PGBM/hdbet_brats-space
2021-02-09 02:29:44,531 DEBUG:/root/BraTS-Toolkit/src/brats-toolkit/brats_toolkit/tmppjl9996k
2021-02-09 02:29:44,531 DEBUG:/root/BraTS-Toolkit/src/brats-toolkit/brats_toolkit/tmppjl9996k/results
2021-02-09 02:29:44,531 INFO:Called singleSegment with docker: mic-dkfz
2021-02-09 02:29:44,531 INFO:[Weborchestra][Success]Loaded fileformat: {'t1c': 't1c.nii.gz', 't1': 't1.nii.gz', 't2': 't2.nii.gz', 'fla': 'fla.nii.gz'}
2021-02-09 02:29:44,683 INFO:[Weborchestra][Info] Writing to path /root/BraTS-Toolkit/src/brats-toolkit/brats_toolkit/tmppjl9996k/t1c.nii.gz
2021-02-09 02:29:45,408 INFO:[Weborchestra][Info] Writing to path /root/BraTS-Toolkit/src/brats-toolkit/brats_toolkit/tmppjl9996k/t1.nii.gz
2021-02-09 02:29:46,085 INFO:[Weborchestra][Info] Writing to path /root/BraTS-Toolkit/src/brats-toolkit/brats_toolkit/tmppjl9996k/t2.nii.gz
2021-02-09 02:29:46,763 INFO:[Weborchestra][Info] Writing to path /root/BraTS-Toolkit/src/brats-toolkit/brats_toolkit/tmppjl9996k/fla.nii.gz
2021-02-09 02:29:47,295 INFO:[Weborchestra][Info] Images saved correctly
2021-02-09 02:29:47,295 INFO:[Weborchestra][Info] Starting the Segmentation with mic-dkfz now
2021-02-09 02:29:47,295 INFO:Now running a segmentation with the Docker mic-dkfz.
2021-02-09 02:29:47,295 INFO:Output will be in /root/BraTS-Toolkit/example_data/output_segmentor/PGBM.
2021-02-09 02:30:55,971 INFO:Container exited without error
2021-02-09 02:30:55,971 INFO:[Weborchestra][Success] Segmentation saved
2021-02-09 02:30:56,074 DEBUG:DIRNAME is: /root/BraTS-Toolkit/example_data/output_segmentor/PGBM
2021-02-09 02:30:56,075 DEBUG:FILENAME is: xfeng.nii.gz
2021-02-09 02:30:56,075 INFO:Now running a new set of segmentations on input: example_data/output_preprocessor_batch/PGBM/hdbet_brats-space
2021-02-09 02:30:56,075 DEBUG:/root/BraTS-Toolkit/src/brats-toolkit/brats_toolkit/tmpcsokm54h
2021-02-09 02:30:56,075 DEBUG:/root/BraTS-Toolkit/src/brats-toolkit/brats_toolkit/tmpcsokm54h/results
2021-02-09 02:30:56,075 INFO:Called singleSegment with docker: xfeng
2021-02-09 02:30:56,075 INFO:[Weborchestra][Success]Loaded fileformat: {'t1c': 't1c.nii.gz', 't1': 't1.nii.gz', 't2': 't2.nii.gz', 'fla': 'fla.nii.gz'}
2021-02-09 02:30:56,227 INFO:[Weborchestra][Info] Writing to path /root/BraTS-Toolkit/src/brats-toolkit/brats_toolkit/tmpcsokm54h/t1c.nii.gz
2021-02-09 02:30:56,941 INFO:[Weborchestra][Info] Writing to path /root/BraTS-Toolkit/src/brats-toolkit/brats_toolkit/tmpcsokm54h/t1.nii.gz
2021-02-09 02:30:57,620 INFO:[Weborchestra][Info] Writing to path /root/BraTS-Toolkit/src/brats-toolkit/brats_toolkit/tmpcsokm54h/t2.nii.gz
2021-02-09 02:30:58,291 INFO:[Weborchestra][Info] Writing to path /root/BraTS-Toolkit/src/brats-toolkit/brats_toolkit/tmpcsokm54h/fla.nii.gz
2021-02-09 02:30:58,829 INFO:[Weborchestra][Info] Images saved correctly
2021-02-09 02:30:58,829 INFO:[Weborchestra][Info] Starting the Segmentation with xfeng now
2021-02-09 02:30:58,830 INFO:Now running a segmentation with the Docker xfeng.
2021-02-09 02:30:58,830 INFO:Output will be in /root/BraTS-Toolkit/example_data/output_segmentor/PGBM.
2021-02-09 02:45:11,165 INFO:Container exited without error
2021-02-09 02:45:11,165 INFO:[Weborchestra][Success] Segmentation saved
2021-02-09 02:45:11,265 DEBUG:DIRNAME is: /root/BraTS-Toolkit/example_data/output_segmentor/PGBM
2021-02-09 02:45:11,265 DEBUG:FILENAME is: lfb_rwth.nii.gz
2021-02-09 02:45:11,265 INFO:Now running a new set of segmentations on input: example_data/output_preprocessor_batch/PGBM/hdbet_brats-space
2021-02-09 02:45:11,265 DEBUG:/root/BraTS-Toolkit/src/brats-toolkit/brats_toolkit/tmpkdchrsg0
2021-02-09 02:45:11,265 DEBUG:/root/BraTS-Toolkit/src/brats-toolkit/brats_toolkit/tmpkdchrsg0/results
2021-02-09 02:45:11,265 INFO:Called singleSegment with docker: lfb_rwth
2021-02-09 02:45:11,266 INFO:[Weborchestra][Success]Loaded fileformat: {'t1c': 't1ce.nii.gz', 't1': 't1.nii.gz', 't2': 't2.nii.gz', 'fla': 'flair.nii.gz'}
2021-02-09 02:45:11,415 INFO:[Weborchestra][Info] Writing to path /root/BraTS-Toolkit/src/brats-toolkit/brats_toolkit/tmpkdchrsg0/t1ce.nii.gz
2021-02-09 02:45:12,122 INFO:[Weborchestra][Info] Writing to path /root/BraTS-Toolkit/src/brats-toolkit/brats_toolkit/tmpkdchrsg0/t1.nii.gz
2021-02-09 02:45:12,794 INFO:[Weborchestra][Info] Writing to path /root/BraTS-Toolkit/src/brats-toolkit/brats_toolkit/tmpkdchrsg0/t2.nii.gz
2021-02-09 02:45:13,461 INFO:[Weborchestra][Info] Writing to path /root/BraTS-Toolkit/src/brats-toolkit/brats_toolkit/tmpkdchrsg0/flair.nii.gz
2021-02-09 02:45:13,994 INFO:[Weborchestra][Info] Images saved correctly
2021-02-09 02:45:13,994 INFO:[Weborchestra][Info] Starting the Segmentation with lfb_rwth now
2021-02-09 02:45:13,994 INFO:Now running a segmentation with the Docker lfb_rwth.
2021-02-09 02:45:13,994 INFO:Output will be in /root/BraTS-Toolkit/example_data/output_segmentor/PGBM.
2021-02-09 04:31:41,210 INFO:Container exited without error
2021-02-09 04:31:41,211 INFO:[Weborchestra][Success] Segmentation saved
2021-02-09 04:31:41,835 DEBUG:DIRNAME is: /root/BraTS-Toolkit/example_data/output_segmentor/PGBM
2021-02-09 04:31:41,835 DEBUG:FILENAME is: zyx_2019.nii.gz
2021-02-09 04:31:41,835 INFO:Now running a new set of segmentations on input: example_data/output_preprocessor_batch/PGBM/hdbet_brats-space
2021-02-09 04:31:41,835 DEBUG:/root/BraTS-Toolkit/src/brats-toolkit/brats_toolkit/tmplsu1_ebk
2021-02-09 04:31:41,835 DEBUG:/root/BraTS-Toolkit/src/brats-toolkit/brats_toolkit/tmplsu1_ebk/results
2021-02-09 04:31:41,836 INFO:Called singleSegment with docker: zyx_2019
2021-02-09 04:31:41,836 INFO:[Weborchestra][Success]Loaded fileformat: {'t1c': 'pat_t1ce.nii.gz', 't1': 'pat_t1.nii.gz', 't2': 'pat_t2.nii.gz', 'fla': 'pat_flair.nii.gz'}
2021-02-09 04:31:41,986 INFO:[Weborchestra][Info] Writing to path /root/BraTS-Toolkit/src/brats-toolkit/brats_toolkit/tmplsu1_ebk/pat_t1ce.nii.gz
2021-02-09 04:31:42,691 INFO:[Weborchestra][Info] Writing to path /root/BraTS-Toolkit/src/brats-toolkit/brats_toolkit/tmplsu1_ebk/pat_t1.nii.gz
2021-02-09 04:31:43,367 INFO:[Weborchestra][Info] Writing to path /root/BraTS-Toolkit/src/brats-toolkit/brats_toolkit/tmplsu1_ebk/pat_t2.nii.gz
2021-02-09 04:31:44,038 INFO:[Weborchestra][Info] Writing to path /root/BraTS-Toolkit/src/brats-toolkit/brats_toolkit/tmplsu1_ebk/pat_flair.nii.gz
2021-02-09 04:31:44,572 INFO:[Weborchestra][Info] Images saved correctly
2021-02-09 04:31:44,572 INFO:[Weborchestra][Info] Starting the Segmentation with zyx_2019 now
2021-02-09 04:31:44,572 INFO:Now running a segmentation with the Docker zyx_2019.
2021-02-09 04:31:44,572 INFO:Output will be in /root/BraTS-Toolkit/example_data/output_segmentor/PGBM.
2021-02-09 04:32:29,281 INFO:Container exited without error
2021-02-09 04:32:29,282 INFO:[Weborchestra][Success] Segmentation saved
2021-02-09 16:21:02,789 DEBUG:DIRNAME is: /root/BraTS-Toolkit/example_data/output_segmentor/PGBM
2021-02-09 16:21:02,789 DEBUG:FILENAME is: isen-20.nii.gz
2021-02-09 16:21:02,789 INFO:Now running a new set of segmentations on input: example_data/output_preprocessor_batch/PGBM/hdbet_brats-space
2021-02-09 16:21:02,789 DEBUG:/root/BraTS-Toolkit/src/brats-toolkit/brats_toolkit/tmphosbie7m
2021-02-09 16:21:02,790 DEBUG:/root/BraTS-Toolkit/src/brats-toolkit/brats_toolkit/tmphosbie7m/results
2021-02-09 16:21:02,790 INFO:Called singleSegment with docker: isen-20
2021-02-09 16:21:02,790 INFO:[Weborchestra][Success]Loaded fileformat: {'fla': 'pat_flair.nii.gz', 't1': 'pat_t1.nii.gz', 't2': 'pat_t2.nii.gz', 't1c': 'pat_t1ce.nii.gz'}
2021-02-09 16:21:02,937 INFO:[Weborchestra][Info] Writing to path /root/BraTS-Toolkit/src/brats-toolkit/brats_toolkit/tmphosbie7m/pat_flair.nii.gz
2021-02-09 16:21:03,613 INFO:[Weborchestra][Info] Writing to path /root/BraTS-Toolkit/src/brats-toolkit/brats_toolkit/tmphosbie7m/pat_t1.nii.gz
2021-02-09 16:21:04,287 INFO:[Weborchestra][Info] Writing to path /root/BraTS-Toolkit/src/brats-toolkit/brats_toolkit/tmphosbie7m/pat_t2.nii.gz
2021-02-09 16:21:04,952 INFO:[Weborchestra][Info] Writing to path /root/BraTS-Toolkit/src/brats-toolkit/brats_toolkit/tmphosbie7m/pat_t1ce.nii.gz
2021-02-09 16:21:05,510 INFO:[Weborchestra][Info] Images saved correctly
2021-02-09 16:21:05,511 INFO:[Weborchestra][Info] Starting the Segmentation with isen-20 now
2021-02-09 16:21:05,511 INFO:Now running a segmentation with the Docker isen-20.
2021-02-09 16:21:05,511 INFO:Output will be in /root/BraTS-Toolkit/example_data/output_segmentor/PGBM.
2021-02-09 16:25:46,937 INFO:Container exited without error
2021-02-09 16:25:46,938 INFO:[Weborchestra][Success] Segmentation saved
2021-02-09 16:25:47,042 DEBUG:DIRNAME is: /root/BraTS-Toolkit/example_data/output_segmentor/PGBM
2021-02-09 16:25:47,042 DEBUG:FILENAME is: mic-dkfz.nii.gz
2021-02-09 16:25:47,042 INFO:Now running a new set of segmentations on input: example_data/output_preprocessor_batch/PGBM/hdbet_brats-space
2021-02-09 16:25:47,043 DEBUG:/root/BraTS-Toolkit/src/brats-toolkit/brats_toolkit/tmpbk_oo6gf
2021-02-09 16:25:47,044 DEBUG:/root/BraTS-Toolkit/src/brats-toolkit/brats_toolkit/tmpbk_oo6gf/results
2021-02-09 16:25:47,044 INFO:Called singleSegment with docker: mic-dkfz
2021-02-09 16:25:47,045 INFO:[Weborchestra][Success]Loaded fileformat: {'fla': 'fla.nii.gz', 't1': 't1.nii.gz', 't2': 't2.nii.gz', 't1c': 't1c.nii.gz'}
2021-02-09 16:25:47,195 INFO:[Weborchestra][Info] Writing to path /root/BraTS-Toolkit/src/brats-toolkit/brats_toolkit/tmpbk_oo6gf/fla.nii.gz
2021-02-09 16:25:47,885 INFO:[Weborchestra][Info] Writing to path /root/BraTS-Toolkit/src/brats-toolkit/brats_toolkit/tmpbk_oo6gf/t1.nii.gz
2021-02-09 16:25:48,567 INFO:[Weborchestra][Info] Writing to path /root/BraTS-Toolkit/src/brats-toolkit/brats_toolkit/tmpbk_oo6gf/t2.nii.gz
2021-02-09 16:25:49,248 INFO:[Weborchestra][Info] Writing to path /root/BraTS-Toolkit/src/brats-toolkit/brats_toolkit/tmpbk_oo6gf/t1c.nii.gz
2021-02-09 16:25:49,811 INFO:[Weborchestra][Info] Images saved correctly
2021-02-09 16:25:49,811 INFO:[Weborchestra][Info] Starting the Segmentation with mic-dkfz now
2021-02-09 16:25:49,811 INFO:Now running a segmentation with the Docker mic-dkfz.
2021-02-09 16:25:49,811 INFO:Output will be in /root/BraTS-Toolkit/example_data/output_segmentor/PGBM.
2021-02-09 16:26:59,543 INFO:Container exited without error
2021-02-09 16:26:59,544 INFO:[Weborchestra][Success] Segmentation saved
2021-02-09 16:26:59,648 DEBUG:DIRNAME is: /root/BraTS-Toolkit/example_data/output_segmentor/PGBM
2021-02-09 16:26:59,648 DEBUG:FILENAME is: xfeng.nii.gz
2021-02-09 16:26:59,648 INFO:Now running a new set of segmentations on input: example_data/output_preprocessor_batch/PGBM/hdbet_brats-space
2021-02-09 16:26:59,649 DEBUG:/root/BraTS-Toolkit/src/brats-toolkit/brats_toolkit/tmpbw643l50
2021-02-09 16:26:59,649 DEBUG:/root/BraTS-Toolkit/src/brats-toolkit/brats_toolkit/tmpbw643l50/results
2021-02-09 16:26:59,649 INFO:Called singleSegment with docker: xfeng
2021-02-09 16:26:59,649 INFO:[Weborchestra][Success]Loaded fileformat: {'fla': 'fla.nii.gz', 't1': 't1.nii.gz', 't2': 't2.nii.gz', 't1c': 't1c.nii.gz'}
2021-02-09 16:26:59,798 INFO:[Weborchestra][Info] Writing to path /root/BraTS-Toolkit/src/brats-toolkit/brats_toolkit/tmpbw643l50/fla.nii.gz
2021-02-09 16:27:00,483 INFO:[Weborchestra][Info] Writing to path /root/BraTS-Toolkit/src/brats-toolkit/brats_toolkit/tmpbw643l50/t1.nii.gz
2021-02-09 16:27:01,173 INFO:[Weborchestra][Info] Writing to path /root/BraTS-Toolkit/src/brats-toolkit/brats_toolkit/tmpbw643l50/t2.nii.gz
2021-02-09 16:27:01,855 INFO:[Weborchestra][Info] Writing to path /root/BraTS-Toolkit/src/brats-toolkit/brats_toolkit/tmpbw643l50/t1c.nii.gz
2021-02-09 16:27:02,418 INFO:[Weborchestra][Info] Images saved correctly
2021-02-09 16:27:02,418 INFO:[Weborchestra][Info] Starting the Segmentation with xfeng now
2021-02-09 16:27:02,418 INFO:Now running a segmentation with the Docker xfeng.
2021-02-09 16:27:02,419 INFO:Output will be in /root/BraTS-Toolkit/example_data/output_segmentor/PGBM.
2021-02-09 16:41:17,893 INFO:Container exited without error
2021-02-09 16:41:17,919 INFO:[Weborchestra][Success] Segmentation saved
2021-02-09 16:41:18,019 DEBUG:DIRNAME is: /root/BraTS-Toolkit/example_data/output_segmentor/PGBM
2021-02-09 16:41:18,019 DEBUG:FILENAME is: lfb_rwth.nii.gz
2021-02-09 16:41:18,019 INFO:Now running a new set of segmentations on input: example_data/output_preprocessor_batch/PGBM/hdbet_brats-space
2021-02-09 16:41:18,020 DEBUG:/root/BraTS-Toolkit/src/brats-toolkit/brats_toolkit/tmp0luxofu2
2021-02-09 16:41:18,020 DEBUG:/root/BraTS-Toolkit/src/brats-toolkit/brats_toolkit/tmp0luxofu2/results
2021-02-09 16:41:18,020 INFO:Called singleSegment with docker: lfb_rwth
2021-02-09 16:41:18,020 INFO:[Weborchestra][Success]Loaded fileformat: {'fla': 'flair.nii.gz', 't1': 't1.nii.gz', 't2': 't2.nii.gz', 't1c': 't1ce.nii.gz'}
2021-02-09 16:41:18,168 INFO:[Weborchestra][Info] Writing to path /root/BraTS-Toolkit/src/brats-toolkit/brats_toolkit/tmp0luxofu2/flair.nii.gz
2021-02-09 16:41:18,851 INFO:[Weborchestra][Info] Writing to path /root/BraTS-Toolkit/src/brats-toolkit/brats_toolkit/tmp0luxofu2/t1.nii.gz
2021-02-09 16:41:19,528 INFO:[Weborchestra][Info] Writing to path /root/BraTS-Toolkit/src/brats-toolkit/brats_toolkit/tmp0luxofu2/t2.nii.gz
2021-02-09 16:41:20,202 INFO:[Weborchestra][Info] Writing to path /root/BraTS-Toolkit/src/brats-toolkit/brats_toolkit/tmp0luxofu2/t1ce.nii.gz
2021-02-09 16:41:20,758 INFO:[Weborchestra][Info] Images saved correctly
2021-02-09 16:41:20,758 INFO:[Weborchestra][Info] Starting the Segmentation with lfb_rwth now
2021-02-09 16:41:20,758 INFO:Now running a segmentation with the Docker lfb_rwth.
2021-02-09 16:41:20,758 INFO:Output will be in /root/BraTS-Toolkit/example_data/output_segmentor/PGBM.
2021-02-09 16:41:49,350 ERROR:Segmentation failed for case /root/BraTS-Toolkit/src/brats-toolkit/brats_toolkit/tmp0luxofu2 with error: Command ' docker run --rm -it    -v /root/BraTS-Toolkit/src/brats-toolkit/brats_toolkit/tmp0luxofu2:/data leonweninger/brats18_segmentation  ' returned non-zero exit status 1
2021-02-09 16:41:49,354 ERROR:[Weborchestra][Error] Segmentation failed, see output!
2021-02-09 16:41:49,372 DEBUG:DIRNAME is: /root/BraTS-Toolkit/example_data/output_segmentor/PGBM
2021-02-09 16:41:49,372 DEBUG:FILENAME is: zyx_2019.nii.gz
2021-02-09 16:41:49,373 INFO:Now running a new set of segmentations on input: example_data/output_preprocessor_batch/PGBM/hdbet_brats-space
2021-02-09 16:41:49,376 DEBUG:/root/BraTS-Toolkit/src/brats-toolkit/brats_toolkit/tmpmsrrytg6
2021-02-09 16:41:49,376 DEBUG:/root/BraTS-Toolkit/src/brats-toolkit/brats_toolkit/tmpmsrrytg6/results
2021-02-09 16:41:49,376 INFO:Called singleSegment with docker: zyx_2019
2021-02-09 16:41:49,379 INFO:[Weborchestra][Success]Loaded fileformat: {'fla': 'pat_flair.nii.gz', 't1': 'pat_t1.nii.gz', 't2': 'pat_t2.nii.gz', 't1c': 'pat_t1ce.nii.gz'}
2021-02-09 16:41:49,608 INFO:[Weborchestra][Info] Writing to path /root/BraTS-Toolkit/src/brats-toolkit/brats_toolkit/tmpmsrrytg6/pat_flair.nii.gz
2021-02-09 16:41:50,309 INFO:[Weborchestra][Info] Writing to path /root/BraTS-Toolkit/src/brats-toolkit/brats_toolkit/tmpmsrrytg6/pat_t1.nii.gz
2021-02-09 16:41:50,989 INFO:[Weborchestra][Info] Writing to path /root/BraTS-Toolkit/src/brats-toolkit/brats_toolkit/tmpmsrrytg6/pat_t2.nii.gz
2021-02-09 16:41:51,660 INFO:[Weborchestra][Info] Writing to path /root/BraTS-Toolkit/src/brats-toolkit/brats_toolkit/tmpmsrrytg6/pat_t1ce.nii.gz
2021-02-09 16:41:52,216 INFO:[Weborchestra][Info] Images saved correctly
2021-02-09 16:41:52,216 INFO:[Weborchestra][Info] Starting the Segmentation with zyx_2019 now
2021-02-09 16:41:52,216 INFO:Now running a segmentation with the Docker zyx_2019.
2021-02-09 16:41:52,216 INFO:Output will be in /root/BraTS-Toolkit/example_data/output_segmentor/PGBM.
2021-02-09 16:42:39,257 INFO:Container exited without error
2021-02-09 16:42:39,257 INFO:[Weborchestra][Success] Segmentation saved
2021-02-11 20:59:01,246 DEBUG:DIRNAME is: /root/BraTS-Toolkit/example_data/output_segmentor/PGBM
2021-02-11 20:59:01,246 DEBUG:FILENAME is: isen-20.nii.gz
2021-02-11 20:59:01,246 INFO:Now running a new set of segmentations on input: example_data/output_preprocessor_batch/PGBM/hdbet_brats-space
2021-02-11 20:59:01,247 DEBUG:/root/BraTS-Toolkit/src/brats-toolkit/brats_toolkit/tmprmyhab_d
2021-02-11 20:59:01,247 DEBUG:/root/BraTS-Toolkit/src/brats-toolkit/brats_toolkit/tmprmyhab_d/results
2021-02-11 20:59:01,247 INFO:Called singleSegment with docker: isen-20
2021-02-11 20:59:01,247 INFO:[Weborchestra][Success]Loaded fileformat: {'t1c': 'pat_t1ce.nii.gz', 't1': 'pat_t1.nii.gz', 't2': 'pat_t2.nii.gz', 'fla': 'pat_flair.nii.gz'}
2021-02-11 20:59:01,399 INFO:[Weborchestra][Info] Writing to path /root/BraTS-Toolkit/src/brats-toolkit/brats_toolkit/tmprmyhab_d/pat_t1ce.nii.gz
2021-02-11 20:59:02,135 INFO:[Weborchestra][Info] Writing to path /root/BraTS-Toolkit/src/brats-toolkit/brats_toolkit/tmprmyhab_d/pat_t1.nii.gz
2021-02-11 20:59:02,875 INFO:[Weborchestra][Info] Writing to path /root/BraTS-Toolkit/src/brats-toolkit/brats_toolkit/tmprmyhab_d/pat_t2.nii.gz
2021-02-11 20:59:03,574 INFO:[Weborchestra][Info] Writing to path /root/BraTS-Toolkit/src/brats-toolkit/brats_toolkit/tmprmyhab_d/pat_flair.nii.gz
2021-02-11 20:59:04,135 INFO:[Weborchestra][Info] Images saved correctly
2021-02-11 20:59:04,135 INFO:[Weborchestra][Info] Starting the Segmentation with isen-20 now
2021-02-11 20:59:04,135 INFO:Now running a segmentation with the Docker isen-20.
2021-02-11 20:59:04,135 INFO:Output will be in /root/BraTS-Toolkit/example_data/output_segmentor/PGBM.
2021-02-11 21:03:44,263 INFO:Container exited without error
2021-02-11 21:03:44,265 INFO:[Weborchestra][Success] Segmentation saved
2021-02-11 21:24:00,012 DEBUG:DIRNAME is: /root/BraTS-Toolkit/example_data/output_segmentor/PGBM
2021-02-11 21:24:00,012 DEBUG:FILENAME is: mic-dkfz.nii.gz
2021-02-11 21:24:00,012 INFO:Now running a new set of segmentations on input: example_data/output_preprocessor_batch/PGBM/hdbet_brats-space
2021-02-11 21:24:00,012 DEBUG:/root/BraTS-Toolkit/src/brats-toolkit/brats_toolkit/tmptrrmxs0r
2021-02-11 21:24:00,012 DEBUG:/root/BraTS-Toolkit/src/brats-toolkit/brats_toolkit/tmptrrmxs0r/results
2021-02-11 21:24:00,012 INFO:Called singleSegment with docker: mic-dkfz
2021-02-11 21:24:00,013 INFO:[Weborchestra][Success]Loaded fileformat: {'t1c': 't1c.nii.gz', 't1': 't1.nii.gz', 't2': 't2.nii.gz', 'fla': 'fla.nii.gz'}
2021-02-11 21:24:00,177 INFO:[Weborchestra][Info] Writing to path /root/BraTS-Toolkit/src/brats-toolkit/brats_toolkit/tmptrrmxs0r/t1c.nii.gz
2021-02-11 21:24:00,917 INFO:[Weborchestra][Info] Writing to path /root/BraTS-Toolkit/src/brats-toolkit/brats_toolkit/tmptrrmxs0r/t1.nii.gz
2021-02-11 21:24:01,647 INFO:[Weborchestra][Info] Writing to path /root/BraTS-Toolkit/src/brats-toolkit/brats_toolkit/tmptrrmxs0r/t2.nii.gz
2021-02-11 21:24:02,352 INFO:[Weborchestra][Info] Writing to path /root/BraTS-Toolkit/src/brats-toolkit/brats_toolkit/tmptrrmxs0r/fla.nii.gz
2021-02-11 21:24:02,908 INFO:[Weborchestra][Info] Images saved correctly
2021-02-11 21:24:02,908 INFO:[Weborchestra][Info] Starting the Segmentation with mic-dkfz now
2021-02-11 21:24:02,908 INFO:Now running a segmentation with the Docker mic-dkfz.
2021-02-11 21:24:02,908 INFO:Output will be in /root/BraTS-Toolkit/example_data/output_segmentor/PGBM.
2021-02-11 21:25:11,666 INFO:Container exited without error
2021-02-11 21:25:11,667 INFO:[Weborchestra][Success] Segmentation saved
2021-02-12 02:44:16,895 DEBUG:DIRNAME is: /root/BraTS-Toolkit/example_data/output_segmentor/PGBM
2021-02-12 02:44:16,895 DEBUG:FILENAME is: zyx_2019.nii.gz
2021-02-12 02:44:16,895 INFO:Now running a new set of segmentations on input: example_data/output_preprocessor_batch/PGBM/hdbet_brats-space
2021-02-12 02:44:16,895 DEBUG:/root/BraTS-Toolkit/src/brats-toolkit/brats_toolkit/tmpnqjcgsac
2021-02-12 02:44:16,896 DEBUG:/root/BraTS-Toolkit/src/brats-toolkit/brats_toolkit/tmpnqjcgsac/results
2021-02-12 02:44:16,896 INFO:Called singleSegment with docker: zyx_2019
2021-02-12 02:44:16,896 INFO:[Weborchestra][Success]Loaded fileformat: {'t2': 'pat_t2.nii.gz', 't1': 'pat_t1.nii.gz', 'fla': 'pat_flair.nii.gz', 't1c': 'pat_t1ce.nii.gz'}
2021-02-12 02:44:17,043 INFO:[Weborchestra][Info] Writing to path /root/BraTS-Toolkit/src/brats-toolkit/brats_toolkit/tmpnqjcgsac/pat_t2.nii.gz
2021-02-12 02:44:17,741 INFO:[Weborchestra][Info] Writing to path /root/BraTS-Toolkit/src/brats-toolkit/brats_toolkit/tmpnqjcgsac/pat_t1.nii.gz
2021-02-12 02:44:18,441 INFO:[Weborchestra][Info] Writing to path /root/BraTS-Toolkit/src/brats-toolkit/brats_toolkit/tmpnqjcgsac/pat_flair.nii.gz
2021-02-12 02:44:19,143 INFO:[Weborchestra][Info] Writing to path /root/BraTS-Toolkit/src/brats-toolkit/brats_toolkit/tmpnqjcgsac/pat_t1ce.nii.gz
2021-02-12 02:44:19,720 INFO:[Weborchestra][Info] Images saved correctly
2021-02-12 02:44:19,720 INFO:[Weborchestra][Info] Starting the Segmentation with zyx_2019 now
2021-02-12 02:44:19,721 INFO:Now running a segmentation with the Docker zyx_2019.
2021-02-12 02:44:19,721 INFO:Output will be in /root/BraTS-Toolkit/example_data/output_segmentor/PGBM.
2021-02-12 02:45:04,934 INFO:Container exited without error
2021-02-12 02:45:04,934 INFO:[Weborchestra][Success] Segmentation saved
2021-02-12 18:40:33,283 DEBUG:DIRNAME is: /root/BraTS-Toolkit/example_data/output_segmentor/PGBM
2021-02-12 18:40:33,284 DEBUG:FILENAME is: isen-20.nii.gz
2021-02-12 18:40:33,284 INFO:Now running a new set of segmentations on input: example_data/output_preprocessor_batch/PGBM/hdbet_brats-space
2021-02-12 18:40:33,284 DEBUG:/root/BraTS-Toolkit/src/brats-toolkit/brats_toolkit/tmprpjzd41n
2021-02-12 18:40:33,284 DEBUG:/root/BraTS-Toolkit/src/brats-toolkit/brats_toolkit/tmprpjzd41n/results
2021-02-12 18:40:33,285 INFO:Called singleSegment with docker: isen-20
2021-02-12 18:40:33,285 INFO:[Weborchestra][Success]Loaded fileformat: {'t1c': 'pat_t1ce.nii.gz', 't2': 'pat_t2.nii.gz', 't1': 'pat_t1.nii.gz', 'fla': 'pat_flair.nii.gz'}
2021-02-12 18:40:33,432 INFO:[Weborchestra][Info] Writing to path /root/BraTS-Toolkit/src/brats-toolkit/brats_toolkit/tmprpjzd41n/pat_t1ce.nii.gz
2021-02-12 18:40:34,156 INFO:[Weborchestra][Info] Writing to path /root/BraTS-Toolkit/src/brats-toolkit/brats_toolkit/tmprpjzd41n/pat_t2.nii.gz
2021-02-12 18:40:34,864 INFO:[Weborchestra][Info] Writing to path /root/BraTS-Toolkit/src/brats-toolkit/brats_toolkit/tmprpjzd41n/pat_t1.nii.gz
2021-02-12 18:40:35,574 INFO:[Weborchestra][Info] Writing to path /root/BraTS-Toolkit/src/brats-toolkit/brats_toolkit/tmprpjzd41n/pat_flair.nii.gz
2021-02-12 18:40:36,141 INFO:[Weborchestra][Info] Images saved correctly
2021-02-12 18:40:36,141 INFO:[Weborchestra][Info] Starting the Segmentation with isen-20 now
2021-02-12 18:40:36,141 INFO:Now running a segmentation with the Docker isen-20.
2021-02-12 18:40:36,141 INFO:Output will be in /root/BraTS-Toolkit/example_data/output_segmentor/PGBM.
2021-02-12 18:41:39,868 ERROR:Segmentation failed for case /root/BraTS-Toolkit/src/brats-toolkit/brats_toolkit/tmprpjzd41n with error: Command ' docker run --rm -it --user $(id -u):$(id -g) --gpus device=0  -v /root/BraTS-Toolkit/src/brats-toolkit/brats_toolkit/tmprpjzd41n:/app/data/ brats/isen-20 python runner.py' returned non-zero exit status 1
2021-02-12 18:41:39,869 ERROR:[Weborchestra][Error] Segmentation failed, see output!
2021-02-12 18:56:14,427 DEBUG:DIRNAME is: /root/BraTS-Toolkit/example_data/output_segmentor/PGBM
2021-02-12 18:56:14,427 DEBUG:FILENAME is: isen-20.nii.gz
2021-02-12 18:56:14,427 INFO:Now running a new set of segmentations on input: example_data/output_preprocessor_batch/PGBM/hdbet_brats-space
2021-02-12 18:56:14,427 DEBUG:/root/BraTS-Toolkit/src/brats-toolkit/brats_toolkit/tmp8tja6ffj
2021-02-12 18:56:14,428 DEBUG:/root/BraTS-Toolkit/src/brats-toolkit/brats_toolkit/tmp8tja6ffj/results
2021-02-12 18:56:14,428 INFO:Called singleSegment with docker: isen-20
2021-02-12 18:56:14,428 INFO:[Weborchestra][Success]Loaded fileformat: {'t2': 'pat_t2.nii.gz', 't1c': 'pat_t1ce.nii.gz', 'fla': 'pat_flair.nii.gz', 't1': 'pat_t1.nii.gz'}
2021-02-12 18:56:14,572 INFO:[Weborchestra][Info] Writing to path /root/BraTS-Toolkit/src/brats-toolkit/brats_toolkit/tmp8tja6ffj/pat_t2.nii.gz
2021-02-12 18:56:15,264 INFO:[Weborchestra][Info] Writing to path /root/BraTS-Toolkit/src/brats-toolkit/brats_toolkit/tmp8tja6ffj/pat_t1ce.nii.gz
2021-02-12 18:56:15,989 INFO:[Weborchestra][Info] Writing to path /root/BraTS-Toolkit/src/brats-toolkit/brats_toolkit/tmp8tja6ffj/pat_flair.nii.gz
2021-02-12 18:56:16,690 INFO:[Weborchestra][Info] Writing to path /root/BraTS-Toolkit/src/brats-toolkit/brats_toolkit/tmp8tja6ffj/pat_t1.nii.gz
2021-02-12 18:56:17,246 INFO:[Weborchestra][Info] Images saved correctly
2021-02-12 18:56:17,247 INFO:[Weborchestra][Info] Starting the Segmentation with isen-20 now
2021-02-12 18:56:17,247 INFO:Now running a segmentation with the Docker isen-20.
2021-02-12 18:56:17,247 INFO:Output will be in /root/BraTS-Toolkit/example_data/output_segmentor/PGBM.
2021-02-12 19:00:27,611 INFO:Container exited without error
2021-02-12 19:00:27,612 INFO:[Weborchestra][Success] Segmentation saved
2021-02-14 17:49:45,773 DEBUG:DIRNAME is: /root/BraTS-Toolkit/example_data/output_segmentor/PGBM
2021-02-14 17:49:45,773 DEBUG:FILENAME is: isen-20.nii.gz
2021-02-14 17:49:45,773 INFO:Now running a new set of segmentations on input: example_data/output_preprocessor_batch/PGBM/hdbet_brats-space
2021-02-14 17:49:45,774 DEBUG:/root/BraTS-Toolkit/src/brats-toolkit/brats_toolkit/tmp0qltgn2h
2021-02-14 17:49:45,774 DEBUG:/root/BraTS-Toolkit/src/brats-toolkit/brats_toolkit/tmp0qltgn2h/results
2021-02-14 17:49:45,774 INFO:Called singleSegment with docker: isen-20
2021-02-14 17:49:45,774 INFO:[Weborchestra][Success]Loaded fileformat: {'fla': 'pat_flair.nii.gz', 't1c': 'pat_t1ce.nii.gz', 't2': 'pat_t2.nii.gz', 't1': 'pat_t1.nii.gz'}
2021-02-14 17:49:45,919 INFO:[Weborchestra][Info] Writing to path /root/BraTS-Toolkit/src/brats-toolkit/brats_toolkit/tmp0qltgn2h/pat_flair.nii.gz
2021-02-14 17:49:46,614 INFO:[Weborchestra][Info] Writing to path /root/BraTS-Toolkit/src/brats-toolkit/brats_toolkit/tmp0qltgn2h/pat_t1ce.nii.gz
2021-02-14 17:49:47,335 INFO:[Weborchestra][Info] Writing to path /root/BraTS-Toolkit/src/brats-toolkit/brats_toolkit/tmp0qltgn2h/pat_t2.nii.gz
2021-02-14 17:49:48,021 INFO:[Weborchestra][Info] Writing to path /root/BraTS-Toolkit/src/brats-toolkit/brats_toolkit/tmp0qltgn2h/pat_t1.nii.gz
2021-02-14 17:49:48,573 INFO:[Weborchestra][Info] Images saved correctly
2021-02-14 17:49:48,573 INFO:[Weborchestra][Info] Starting the Segmentation with isen-20 now
2021-02-14 17:49:48,573 INFO:Now running a segmentation with the Docker isen-20.
2021-02-14 17:49:48,573 INFO:Output will be in /root/BraTS-Toolkit/example_data/output_segmentor/PGBM.
2021-02-14 17:53:52,237 INFO:Container exited without error
2021-02-14 17:53:52,238 INFO:[Weborchestra][Success] Segmentation saved
2021-02-15 15:12:04,610 DEBUG:DIRNAME is: /root/BraTS-Toolkit/example_data/output_segmentor/PGBM
2021-02-15 15:12:04,610 DEBUG:FILENAME is: mic-dkfz.nii.gz
2021-02-15 15:12:04,610 INFO:Now running a new set of segmentations on input: example_data/output_preprocessor_batch/PGBM/hdbet_brats-space
2021-02-15 15:12:04,610 DEBUG:/root/BraTS-Toolkit/src/brats-toolkit/brats_toolkit/tmphq0s159l
2021-02-15 15:12:04,611 DEBUG:/root/BraTS-Toolkit/src/brats-toolkit/brats_toolkit/tmphq0s159l/results
2021-02-15 15:12:04,611 INFO:Called singleSegment with docker: mic-dkfz
2021-02-15 15:12:04,611 INFO:[Weborchestra][Success]Loaded fileformat: {'t1c': 't1c.nii.gz', 'fla': 'fla.nii.gz', 't2': 't2.nii.gz', 't1': 't1.nii.gz'}
2021-02-15 15:12:04,759 INFO:[Weborchestra][Info] Writing to path /root/BraTS-Toolkit/src/brats-toolkit/brats_toolkit/tmphq0s159l/t1c.nii.gz
2021-02-15 15:12:05,480 INFO:[Weborchestra][Info] Writing to path /root/BraTS-Toolkit/src/brats-toolkit/brats_toolkit/tmphq0s159l/fla.nii.gz
2021-02-15 15:12:06,165 INFO:[Weborchestra][Info] Writing to path /root/BraTS-Toolkit/src/brats-toolkit/brats_toolkit/tmphq0s159l/t2.nii.gz
2021-02-15 15:12:06,844 INFO:[Weborchestra][Info] Writing to path /root/BraTS-Toolkit/src/brats-toolkit/brats_toolkit/tmphq0s159l/t1.nii.gz
2021-02-15 15:12:07,388 INFO:[Weborchestra][Info] Images saved correctly
2021-02-15 15:12:07,389 INFO:[Weborchestra][Info] Starting the Segmentation with mic-dkfz now
2021-02-15 15:12:07,389 INFO:Now running a segmentation with the Docker mic-dkfz.
2021-02-15 15:12:07,389 INFO:Output will be in /root/BraTS-Toolkit/example_data/output_segmentor/PGBM.
2021-02-15 15:13:15,097 INFO:Container exited without error
2021-02-15 15:13:15,097 INFO:[Weborchestra][Success] Segmentation saved
2021-02-15 15:24:06,390 DEBUG:DIRNAME is: /root/BraTS-Toolkit/example_data/output_segmentor/PGBM
2021-02-15 15:24:06,390 DEBUG:FILENAME is: mic-dkfz.nii.gz
2021-02-15 15:24:06,390 INFO:Now running a new set of segmentations on input: example_data/output_preprocessor_batch/PGBM/hdbet_brats-space
2021-02-15 15:24:06,390 DEBUG:/root/BraTS-Toolkit/src/brats-toolkit/brats_toolkit/tmpcdq_7v2l
2021-02-15 15:24:06,390 DEBUG:/root/BraTS-Toolkit/src/brats-toolkit/brats_toolkit/tmpcdq_7v2l/results
2021-02-15 15:24:06,390 INFO:Called singleSegment with docker: mic-dkfz
2021-02-15 15:24:06,391 INFO:[Weborchestra][Success]Loaded fileformat: {'t1': 't1.nii.gz', 't2': 't2.nii.gz', 'fla': 'fla.nii.gz', 't1c': 't1c.nii.gz'}
2021-02-15 15:24:06,539 INFO:[Weborchestra][Info] Writing to path /root/BraTS-Toolkit/src/brats-toolkit/brats_toolkit/tmpcdq_7v2l/t1.nii.gz
2021-02-15 15:24:07,235 INFO:[Weborchestra][Info] Writing to path /root/BraTS-Toolkit/src/brats-toolkit/brats_toolkit/tmpcdq_7v2l/t2.nii.gz
2021-02-15 15:24:07,911 INFO:[Weborchestra][Info] Writing to path /root/BraTS-Toolkit/src/brats-toolkit/brats_toolkit/tmpcdq_7v2l/fla.nii.gz
2021-02-15 15:24:08,600 INFO:[Weborchestra][Info] Writing to path /root/BraTS-Toolkit/src/brats-toolkit/brats_toolkit/tmpcdq_7v2l/t1c.nii.gz
2021-02-15 15:24:09,180 INFO:[Weborchestra][Info] Images saved correctly
2021-02-15 15:24:09,181 INFO:[Weborchestra][Info] Starting the Segmentation with mic-dkfz now
2021-02-15 15:24:09,181 INFO:Now running a segmentation with the Docker mic-dkfz.
2021-02-15 15:24:09,181 INFO:Output will be in /root/BraTS-Toolkit/example_data/output_segmentor/PGBM.
2021-02-15 15:25:10,264 INFO:Container exited without error
2021-02-15 15:25:10,265 INFO:[Weborchestra][Success] Segmentation saved
2021-02-15 15:32:24,434 DEBUG:DIRNAME is: /root/BraTS-Toolkit/example_data/output_segmentor/PGBM
2021-02-15 15:32:24,434 DEBUG:FILENAME is: zyx_2019.nii.gz
2021-02-15 15:32:24,434 INFO:Now running a new set of segmentations on input: example_data/output_preprocessor_batch/PGBM/hdbet_brats-space
2021-02-15 15:32:24,434 DEBUG:/root/BraTS-Toolkit/src/brats-toolkit/brats_toolkit/tmp739e8i_i
2021-02-15 15:32:24,434 DEBUG:/root/BraTS-Toolkit/src/brats-toolkit/brats_toolkit/tmp739e8i_i/results
2021-02-15 15:32:24,434 INFO:Called singleSegment with docker: zyx_2019
2021-02-15 15:32:24,434 INFO:[Weborchestra][Success]Loaded fileformat: {'t1c': 'pat_t1ce.nii.gz', 'fla': 'pat_flair.nii.gz', 't2': 'pat_t2.nii.gz', 't1': 'pat_t1.nii.gz'}
2021-02-15 15:32:24,588 INFO:[Weborchestra][Info] Writing to path /root/BraTS-Toolkit/src/brats-toolkit/brats_toolkit/tmp739e8i_i/pat_t1ce.nii.gz
2021-02-15 15:32:25,311 INFO:[Weborchestra][Info] Writing to path /root/BraTS-Toolkit/src/brats-toolkit/brats_toolkit/tmp739e8i_i/pat_flair.nii.gz
2021-02-15 15:32:26,025 INFO:[Weborchestra][Info] Writing to path /root/BraTS-Toolkit/src/brats-toolkit/brats_toolkit/tmp739e8i_i/pat_t2.nii.gz
2021-02-15 15:32:26,715 INFO:[Weborchestra][Info] Writing to path /root/BraTS-Toolkit/src/brats-toolkit/brats_toolkit/tmp739e8i_i/pat_t1.nii.gz
2021-02-15 15:32:27,274 INFO:[Weborchestra][Info] Images saved correctly
2021-02-15 15:32:27,274 INFO:[Weborchestra][Info] Starting the Segmentation with zyx_2019 now
2021-02-15 15:32:27,274 INFO:Now running a segmentation with the Docker zyx_2019.
2021-02-15 15:32:27,275 INFO:Output will be in /root/BraTS-Toolkit/example_data/output_segmentor/PGBM.
2021-02-15 15:33:11,716 INFO:Container exited without error
2021-02-15 15:33:11,717 INFO:[Weborchestra][Success] Segmentation saved
2021-02-15 15:42:39,905 DEBUG:DIRNAME is: /root/BraTS-Toolkit/example_data/output_segmentor/PGBM
2021-02-15 15:42:39,905 DEBUG:FILENAME is: zyx_2019.nii.gz
2021-02-15 15:42:39,905 INFO:Now running a new set of segmentations on input: example_data/output_preprocessor_batch/PGBM/hdbet_brats-space
2021-02-15 15:42:39,905 DEBUG:/root/BraTS-Toolkit/src/brats-toolkit/brats_toolkit/tmp470tbovr
2021-02-15 15:42:39,905 DEBUG:/root/BraTS-Toolkit/src/brats-toolkit/brats_toolkit/tmp470tbovr/results
2021-02-15 15:42:39,906 INFO:Called singleSegment with docker: zyx_2019
2021-02-15 15:42:39,906 INFO:[Weborchestra][Success]Loaded fileformat: {'fla': 'pat_flair.nii.gz', 't1c': 'pat_t1ce.nii.gz', 't2': 'pat_t2.nii.gz', 't1': 'pat_t1.nii.gz'}
2021-02-15 15:42:40,055 INFO:[Weborchestra][Info] Writing to path /root/BraTS-Toolkit/src/brats-toolkit/brats_toolkit/tmp470tbovr/pat_flair.nii.gz
2021-02-15 15:42:40,744 INFO:[Weborchestra][Info] Writing to path /root/BraTS-Toolkit/src/brats-toolkit/brats_toolkit/tmp470tbovr/pat_t1ce.nii.gz
2021-02-15 15:42:41,455 INFO:[Weborchestra][Info] Writing to path /root/BraTS-Toolkit/src/brats-toolkit/brats_toolkit/tmp470tbovr/pat_t2.nii.gz
2021-02-15 15:42:42,129 INFO:[Weborchestra][Info] Writing to path /root/BraTS-Toolkit/src/brats-toolkit/brats_toolkit/tmp470tbovr/pat_t1.nii.gz
2021-02-15 15:42:42,692 INFO:[Weborchestra][Info] Images saved correctly
2021-02-15 15:42:42,692 INFO:[Weborchestra][Info] Starting the Segmentation with zyx_2019 now
2021-02-15 15:42:42,692 INFO:Now running a segmentation with the Docker zyx_2019.
2021-02-15 15:42:42,692 INFO:Output will be in /root/BraTS-Toolkit/example_data/output_segmentor/PGBM.
2021-02-15 15:43:24,946 INFO:Container exited without error
2021-02-15 15:43:24,946 INFO:[Weborchestra][Success] Segmentation saved
2021-02-15 16:01:43,948 DEBUG:DIRNAME is: /root/BraTS-Toolkit/example_data/output_segmentor/PGBM
2021-02-15 16:01:43,948 DEBUG:FILENAME is: zyx_2019.nii.gz
2021-02-15 16:01:43,948 INFO:Now running a new set of segmentations on input: example_data/output_preprocessor_batch/PGBM/hdbet_brats-space
2021-02-15 16:01:43,949 DEBUG:/root/BraTS-Toolkit/src/brats-toolkit/brats_toolkit/tmp1p_mk7t0
2021-02-15 16:01:43,949 DEBUG:/root/BraTS-Toolkit/src/brats-toolkit/brats_toolkit/tmp1p_mk7t0/results
2021-02-15 16:01:43,949 INFO:Called singleSegment with docker: zyx_2019
2021-02-15 16:01:43,949 INFO:[Weborchestra][Success]Loaded fileformat: {'t1c': 'pat_t1ce.nii.gz', 'fla': 'pat_flair.nii.gz', 't2': 'pat_t2.nii.gz', 't1': 'pat_t1.nii.gz'}
2021-02-15 16:01:44,098 INFO:[Weborchestra][Info] Writing to path /root/BraTS-Toolkit/src/brats-toolkit/brats_toolkit/tmp1p_mk7t0/pat_t1ce.nii.gz
2021-02-15 16:01:44,854 INFO:[Weborchestra][Info] Writing to path /root/BraTS-Toolkit/src/brats-toolkit/brats_toolkit/tmp1p_mk7t0/pat_flair.nii.gz
2021-02-15 16:01:45,568 INFO:[Weborchestra][Info] Writing to path /root/BraTS-Toolkit/src/brats-toolkit/brats_toolkit/tmp1p_mk7t0/pat_t2.nii.gz
2021-02-15 16:01:46,277 INFO:[Weborchestra][Info] Writing to path /root/BraTS-Toolkit/src/brats-toolkit/brats_toolkit/tmp1p_mk7t0/pat_t1.nii.gz
2021-02-15 16:01:46,835 INFO:[Weborchestra][Info] Images saved correctly
2021-02-15 16:01:46,835 INFO:[Weborchestra][Info] Starting the Segmentation with zyx_2019 now
2021-02-15 16:01:46,835 INFO:Now running a segmentation with the Docker zyx_2019.
2021-02-15 16:01:46,835 INFO:Output will be in /root/BraTS-Toolkit/example_data/output_segmentor/PGBM.
2021-02-15 16:02:28,177 INFO:Container exited without error
2021-02-15 16:02:28,178 INFO:[Weborchestra][Success] Segmentation saved
2021-02-15 17:12:52,358 DEBUG:DIRNAME is: /root/BraTS-Toolkit/example_data/output_segmentor/PGBM
2021-02-15 17:12:52,359 DEBUG:FILENAME is: isen-20.nii.gz
2021-02-15 17:12:52,359 INFO:Now running a new set of segmentations on input: example_data/output_preprocessor_batch/PGBM/hdbet_brats-space
2021-02-15 17:12:52,359 DEBUG:/root/BraTS-Toolkit/src/brats-toolkit/brats_toolkit/tmp5u9su6ww
2021-02-15 17:12:52,359 DEBUG:/root/BraTS-Toolkit/src/brats-toolkit/brats_toolkit/tmp5u9su6ww/results
2021-02-15 17:12:52,359 INFO:Called singleSegment with docker: isen-20
2021-02-15 17:12:52,359 INFO:[Weborchestra][Success]Loaded fileformat: {'fla': 'pat_flair.nii.gz', 't2': 'pat_t2.nii.gz', 't1c': 'pat_t1ce.nii.gz', 't1': 'pat_t1.nii.gz'}
2021-02-15 17:12:52,506 INFO:[Weborchestra][Info] Writing to path /root/BraTS-Toolkit/src/brats-toolkit/brats_toolkit/tmp5u9su6ww/pat_flair.nii.gz
2021-02-15 17:12:53,202 INFO:[Weborchestra][Info] Writing to path /root/BraTS-Toolkit/src/brats-toolkit/brats_toolkit/tmp5u9su6ww/pat_t2.nii.gz
2021-02-15 17:12:53,895 INFO:[Weborchestra][Info] Writing to path /root/BraTS-Toolkit/src/brats-toolkit/brats_toolkit/tmp5u9su6ww/pat_t1ce.nii.gz
2021-02-15 17:12:54,618 INFO:[Weborchestra][Info] Writing to path /root/BraTS-Toolkit/src/brats-toolkit/brats_toolkit/tmp5u9su6ww/pat_t1.nii.gz
2021-02-15 17:12:55,173 INFO:[Weborchestra][Info] Images saved correctly
2021-02-15 17:12:55,173 INFO:[Weborchestra][Info] Starting the Segmentation with isen-20 now
2021-02-15 17:12:55,173 INFO:Now running a segmentation with the Docker isen-20.
2021-02-15 17:12:55,173 INFO:Output will be in /root/BraTS-Toolkit/example_data/output_segmentor/PGBM.
2021-02-15 17:17:25,122 INFO:Container exited without error
2021-02-15 17:17:25,124 INFO:[Weborchestra][Success] Segmentation saved
2021-02-15 17:22:32,831 DEBUG:DIRNAME is: /root/BraTS-Toolkit/example_data/output_segmentor/PGBM
2021-02-15 17:22:32,831 DEBUG:FILENAME is: mic-dkfz.nii.gz
2021-02-15 17:22:32,831 INFO:Now running a new set of segmentations on input: example_data/output_preprocessor_batch/PGBM/hdbet_brats-space
2021-02-15 17:22:32,832 DEBUG:/root/BraTS-Toolkit/src/brats-toolkit/brats_toolkit/tmpu7ngyekz
2021-02-15 17:22:32,832 DEBUG:/root/BraTS-Toolkit/src/brats-toolkit/brats_toolkit/tmpu7ngyekz/results
2021-02-15 17:22:32,832 INFO:Called singleSegment with docker: mic-dkfz
2021-02-15 17:22:32,832 INFO:[Weborchestra][Success]Loaded fileformat: {'t1c': 't1c.nii.gz', 't1': 't1.nii.gz', 't2': 't2.nii.gz', 'fla': 'fla.nii.gz'}
2021-02-15 17:22:32,982 INFO:[Weborchestra][Info] Writing to path /root/BraTS-Toolkit/src/brats-toolkit/brats_toolkit/tmpu7ngyekz/t1c.nii.gz
2021-02-15 17:22:33,700 INFO:[Weborchestra][Info] Writing to path /root/BraTS-Toolkit/src/brats-toolkit/brats_toolkit/tmpu7ngyekz/t1.nii.gz
2021-02-15 17:22:34,391 INFO:[Weborchestra][Info] Writing to path /root/BraTS-Toolkit/src/brats-toolkit/brats_toolkit/tmpu7ngyekz/t2.nii.gz
2021-02-15 17:22:35,079 INFO:[Weborchestra][Info] Writing to path /root/BraTS-Toolkit/src/brats-toolkit/brats_toolkit/tmpu7ngyekz/fla.nii.gz
2021-02-15 17:22:35,624 INFO:[Weborchestra][Info] Images saved correctly
2021-02-15 17:22:35,625 INFO:[Weborchestra][Info] Starting the Segmentation with mic-dkfz now
2021-02-15 17:22:35,625 INFO:Now running a segmentation with the Docker mic-dkfz.
2021-02-15 17:22:35,625 INFO:Output will be in /root/BraTS-Toolkit/example_data/output_segmentor/PGBM.
2021-02-15 17:23:43,652 INFO:Container exited without error
2021-02-15 17:23:43,652 INFO:[Weborchestra][Success] Segmentation saved
2021-02-15 17:28:50,581 DEBUG:DIRNAME is: /root/BraTS-Toolkit/example_data/output_segmentor/PGBM
2021-02-15 17:28:50,581 DEBUG:FILENAME is: zyx_2019.nii.gz
2021-02-15 17:28:50,581 INFO:Now running a new set of segmentations on input: example_data/output_preprocessor_batch/PGBM/hdbet_brats-space
2021-02-15 17:28:50,581 DEBUG:/root/BraTS-Toolkit/src/brats-toolkit/brats_toolkit/tmpql1hbp7n
2021-02-15 17:28:50,581 DEBUG:/root/BraTS-Toolkit/src/brats-toolkit/brats_toolkit/tmpql1hbp7n/results
2021-02-15 17:28:50,581 INFO:Called singleSegment with docker: zyx_2019
2021-02-15 17:28:50,582 INFO:[Weborchestra][Success]Loaded fileformat: {'t1': 'pat_t1.nii.gz', 'fla': 'pat_flair.nii.gz', 't1c': 'pat_t1ce.nii.gz', 't2': 'pat_t2.nii.gz'}
2021-02-15 17:28:50,733 INFO:[Weborchestra][Info] Writing to path /root/BraTS-Toolkit/src/brats-toolkit/brats_toolkit/tmpql1hbp7n/pat_t1.nii.gz
2021-02-15 17:28:51,427 INFO:[Weborchestra][Info] Writing to path /root/BraTS-Toolkit/src/brats-toolkit/brats_toolkit/tmpql1hbp7n/pat_flair.nii.gz
2021-02-15 17:28:52,123 INFO:[Weborchestra][Info] Writing to path /root/BraTS-Toolkit/src/brats-toolkit/brats_toolkit/tmpql1hbp7n/pat_t1ce.nii.gz
2021-02-15 17:28:52,839 INFO:[Weborchestra][Info] Writing to path /root/BraTS-Toolkit/src/brats-toolkit/brats_toolkit/tmpql1hbp7n/pat_t2.nii.gz
2021-02-15 17:28:53,377 INFO:[Weborchestra][Info] Images saved correctly
2021-02-15 17:28:53,377 INFO:[Weborchestra][Info] Starting the Segmentation with zyx_2019 now
2021-02-15 17:28:53,377 INFO:Now running a segmentation with the Docker zyx_2019.
2021-02-15 17:28:53,377 INFO:Output will be in /root/BraTS-Toolkit/example_data/output_segmentor/PGBM.
2021-02-15 17:29:38,582 INFO:Container exited without error
2021-02-15 17:29:38,582 INFO:[Weborchestra][Success] Segmentation saved
2021-03-09 21:31:34,376 DEBUG:DIRNAME is: /root/BraTS-Toolkit/example_data/output_segmentor/PGBM
2021-03-09 21:31:34,377 DEBUG:FILENAME is: isen-20.nii.gz
2021-03-09 21:31:34,377 INFO:Now running a new set of segmentations on input: example_data/output_preprocessor_batch/PGBM/hdbet_brats-space
2021-03-09 21:31:34,377 DEBUG:/root/BraTS-Toolkit/src/brats-toolkit/brats_toolkit/tmp5rtq15i8
2021-03-09 21:31:34,377 DEBUG:/root/BraTS-Toolkit/src/brats-toolkit/brats_toolkit/tmp5rtq15i8/results
2021-03-09 21:31:34,377 INFO:Called singleSegment with docker: isen-20
2021-03-09 21:31:34,378 INFO:[Weborchestra][Success]Loaded fileformat: {'t1c': 'pat_t1ce.nii.gz', 't2': 'pat_t2.nii.gz', 't1': 'pat_t1.nii.gz', 'fla': 'pat_flair.nii.gz'}
2021-03-09 21:31:34,548 INFO:[Weborchestra][Info] Writing to path /root/BraTS-Toolkit/src/brats-toolkit/brats_toolkit/tmp5rtq15i8/pat_t2.nii.gz
2021-03-09 21:31:35,377 INFO:[Weborchestra][Info] Writing to path /root/BraTS-Toolkit/src/brats-toolkit/brats_toolkit/tmp5rtq15i8/pat_t1ce.nii.gz
2021-03-09 21:31:36,256 INFO:[Weborchestra][Info] Writing to path /root/BraTS-Toolkit/src/brats-toolkit/brats_toolkit/tmp5rtq15i8/pat_t1.nii.gz
2021-03-09 21:31:37,118 INFO:[Weborchestra][Info] Writing to path /root/BraTS-Toolkit/src/brats-toolkit/brats_toolkit/tmp5rtq15i8/pat_flair.nii.gz
2021-03-09 21:31:37,795 INFO:[Weborchestra][Info] Images saved correctly
2021-03-09 21:31:37,795 INFO:[Weborchestra][Info] Starting the Segmentation with isen-20 now
2021-03-09 21:31:37,796 INFO:Now running a segmentation with the Docker isen-20.
2021-03-09 21:31:37,796 INFO:Output will be in /root/BraTS-Toolkit/example_data/output_segmentor/PGBM.
2021-03-09 21:36:18,729 INFO:Container exited without error
2021-03-09 21:36:18,733 INFO:[Weborchestra][Success] Segmentation saved
2021-03-29 15:23:41,169 DEBUG:DIRNAME is: /root/BraTS-Toolkit/example_data/output_segmentor/PGBM
2021-03-29 15:23:41,172 DEBUG:FILENAME is: isen-20.nii.gz
2021-03-29 15:23:41,172 INFO:Now running a new set of segmentations on input: example_data/output_preprocessor_batch/PGBM/hdbet_brats-space
2021-03-29 15:23:41,172 DEBUG:/root/BraTS-Toolkit/src/brats-toolkit/brats_toolkit/tmptratkjkk
2021-03-29 15:23:41,172 DEBUG:/root/BraTS-Toolkit/src/brats-toolkit/brats_toolkit/tmptratkjkk/results
2021-03-29 15:23:41,172 INFO:Called singleSegment with docker: isen-20
2021-03-29 15:23:41,173 INFO:[Weborchestra][Success]Loaded fileformat: {'t1c': 'pat_t1ce.nii.gz', 't1': 'pat_t1.nii.gz', 'fla': 'pat_flair.nii.gz', 't2': 'pat_t2.nii.gz'}
2021-03-29 15:23:41,320 INFO:[Weborchestra][Info] Writing to path /root/BraTS-Toolkit/src/brats-toolkit/brats_toolkit/tmptratkjkk/pat_t1ce.nii.gz
2021-03-29 15:23:42,057 INFO:[Weborchestra][Info] Writing to path /root/BraTS-Toolkit/src/brats-toolkit/brats_toolkit/tmptratkjkk/pat_t1.nii.gz
2021-03-29 15:23:42,747 INFO:[Weborchestra][Info] Writing to path /root/BraTS-Toolkit/src/brats-toolkit/brats_toolkit/tmptratkjkk/pat_flair.nii.gz
2021-03-29 15:23:43,437 INFO:[Weborchestra][Info] Writing to path /root/BraTS-Toolkit/src/brats-toolkit/brats_toolkit/tmptratkjkk/pat_t2.nii.gz
2021-03-29 15:23:43,978 INFO:[Weborchestra][Info] Images saved correctly
2021-03-29 15:23:43,978 INFO:[Weborchestra][Info] Starting the Segmentation with isen-20 now
2021-03-29 15:23:43,978 INFO:Now running a segmentation with the Docker isen-20.
2021-03-29 15:23:43,978 INFO:Output will be in /root/BraTS-Toolkit/example_data/output_segmentor/PGBM.
2021-03-29 15:28:31,640 INFO:Container exited without error
2021-03-29 15:28:31,641 INFO:[Weborchestra][Success] Segmentation saved
2021-04-28 21:09:14,048 DEBUG:DIRNAME is: /root/BraTS-Toolkit/example_data/output_segmentor/PGBM
2021-04-28 21:09:14,049 DEBUG:FILENAME is: isen-20.nii.gz
2021-04-28 21:09:14,049 INFO:Now running a new set of segmentations on input: example_data/output_preprocessor_batch/PGBM/hdbet_brats-space
2021-04-28 21:09:14,049 DEBUG:/root/BraTS-Toolkit/src/brats-toolkit/brats_toolkit/tmp19o7o4ee
2021-04-28 21:09:14,049 DEBUG:/root/BraTS-Toolkit/src/brats-toolkit/brats_toolkit/tmp19o7o4ee/results
2021-04-28 21:09:14,050 INFO:Called singleSegment with docker: isen-20
2021-04-28 21:09:14,050 INFO:[Weborchestra][Success]Loaded fileformat: {'t1c': 'pat_t1ce.nii.gz', 't2': 'pat_t2.nii.gz', 't1': 'pat_t1.nii.gz', 'fla': 'pat_flair.nii.gz'}
2021-04-28 21:09:14,195 INFO:[Weborchestra][Info] Writing to path /root/BraTS-Toolkit/src/brats-toolkit/brats_toolkit/tmp19o7o4ee/pat_t1ce.nii.gz
2021-04-28 21:09:14,903 INFO:[Weborchestra][Info] Writing to path /root/BraTS-Toolkit/src/brats-toolkit/brats_toolkit/tmp19o7o4ee/pat_t2.nii.gz
2021-04-28 21:09:15,577 INFO:[Weborchestra][Info] Writing to path /root/BraTS-Toolkit/src/brats-toolkit/brats_toolkit/tmp19o7o4ee/pat_t1.nii.gz
2021-04-28 21:09:16,259 INFO:[Weborchestra][Info] Writing to path /root/BraTS-Toolkit/src/brats-toolkit/brats_toolkit/tmp19o7o4ee/pat_flair.nii.gz
2021-04-28 21:09:16,804 INFO:[Weborchestra][Info] Images saved correctly
2021-04-28 21:09:16,804 INFO:[Weborchestra][Info] Starting the Segmentation with isen-20 now
2021-04-28 21:09:16,804 INFO:Now running a segmentation with the Docker isen-20.
2021-04-28 21:09:16,804 INFO:Output will be in /root/BraTS-Toolkit/example_data/output_segmentor/PGBM.
2021-04-28 21:13:53,227 INFO:Container exited without error
2021-04-28 21:13:53,228 INFO:[Weborchestra][Success] Segmentation saved
2021-04-28 22:00:02,003 DEBUG:DIRNAME is: /root/BraTS-Toolkit/example_data/output_segmentor/PGBM
2021-04-28 22:00:02,003 DEBUG:FILENAME is: isen-20.nii.gz
2021-04-28 22:00:02,003 INFO:Now running a new set of segmentations on input: example_data/output_preprocessor_batch/PGBM/hdbet_brats-space
2021-04-28 22:00:02,003 DEBUG:/root/BraTS-Toolkit/src/brats-toolkit/brats_toolkit/tmpnxvz0yst
2021-04-28 22:00:02,004 DEBUG:/root/BraTS-Toolkit/src/brats-toolkit/brats_toolkit/tmpnxvz0yst/results
2021-04-28 22:00:02,004 INFO:Called singleSegment with docker: isen-20
2021-04-28 22:00:02,004 INFO:[Weborchestra][Success]Loaded fileformat: {'t2': 'pat_t2.nii.gz', 't1c': 'pat_t1ce.nii.gz', 'fla': 'pat_flair.nii.gz', 't1': 'pat_t1.nii.gz'}
2021-04-28 22:00:02,153 INFO:[Weborchestra][Info] Writing to path /root/BraTS-Toolkit/src/brats-toolkit/brats_toolkit/tmpnxvz0yst/pat_t1ce.nii.gz
2021-04-28 22:00:02,857 INFO:[Weborchestra][Info] Writing to path /root/BraTS-Toolkit/src/brats-toolkit/brats_toolkit/tmpnxvz0yst/pat_t2.nii.gz
2021-04-28 22:00:03,522 INFO:[Weborchestra][Info] Writing to path /root/BraTS-Toolkit/src/brats-toolkit/brats_toolkit/tmpnxvz0yst/pat_flair.nii.gz
2021-04-28 22:00:04,200 INFO:[Weborchestra][Info] Writing to path /root/BraTS-Toolkit/src/brats-toolkit/brats_toolkit/tmpnxvz0yst/pat_t1.nii.gz
2021-04-28 22:00:04,751 INFO:[Weborchestra][Info] Images saved correctly
2021-04-28 22:00:04,751 INFO:[Weborchestra][Info] Starting the Segmentation with isen-20 now
2021-04-28 22:00:04,751 INFO:Now running a segmentation with the Docker isen-20.
2021-04-28 22:00:04,751 INFO:Output will be in /root/BraTS-Toolkit/example_data/output_segmentor/PGBM.
2021-04-28 22:04:10,672 INFO:Container exited without error
2021-04-28 22:04:10,674 INFO:[Weborchestra][Success] Segmentation saved
2021-04-28 22:15:00,919 DEBUG:DIRNAME is: /root/BraTS-Toolkit/example_data/output_segmentor/PGBM
2021-04-28 22:15:00,920 DEBUG:FILENAME is: isen-20.nii.gz
2021-04-28 22:15:00,920 INFO:Now running a new set of segmentations on input: example_data/output_preprocessor_batch/PGBM/hdbet_brats-space
2021-04-28 22:15:00,920 DEBUG:/root/BraTS-Toolkit/src/brats-toolkit/brats_toolkit/tmp7msjxw48
2021-04-28 22:15:00,920 DEBUG:/root/BraTS-Toolkit/src/brats-toolkit/brats_toolkit/tmp7msjxw48/results
2021-04-28 22:15:00,920 INFO:Called singleSegment with docker: isen-20
2021-04-28 22:15:00,920 INFO:[Weborchestra][Success]Loaded fileformat: {'t1c': 'pat_t1ce.nii.gz', 'fla': 'pat_flair.nii.gz', 't2': 'pat_t2.nii.gz', 't1': 'pat_t1.nii.gz'}
2021-04-28 22:15:01,077 INFO:[Weborchestra][Info] Writing to path /root/BraTS-Toolkit/src/brats-toolkit/brats_toolkit/tmp7msjxw48/pat_t1ce.nii.gz
2021-04-28 22:15:01,792 INFO:[Weborchestra][Info] Writing to path /root/BraTS-Toolkit/src/brats-toolkit/brats_toolkit/tmp7msjxw48/pat_flair.nii.gz
2021-04-28 22:15:02,477 INFO:[Weborchestra][Info] Writing to path /root/BraTS-Toolkit/src/brats-toolkit/brats_toolkit/tmp7msjxw48/pat_t2.nii.gz
2021-04-28 22:15:03,148 INFO:[Weborchestra][Info] Writing to path /root/BraTS-Toolkit/src/brats-toolkit/brats_toolkit/tmp7msjxw48/pat_t1.nii.gz
2021-04-28 22:15:03,686 INFO:[Weborchestra][Info] Images saved correctly
2021-04-28 22:15:03,686 INFO:[Weborchestra][Info] Starting the Segmentation with isen-20 now
2021-04-28 22:15:03,686 INFO:Now running a segmentation with the Docker isen-20.
2021-04-28 22:15:03,686 INFO:Output will be in /root/BraTS-Toolkit/example_data/output_segmentor/PGBM.
2021-04-28 22:19:04,647 INFO:Container exited without error
2021-04-28 22:19:04,648 INFO:[Weborchestra][Success] Segmentation saved
2021-04-30 18:43:59,859 DEBUG:DIRNAME is: /root/BraTS-Toolkit/example_data/output_segmentor/PGBM
2021-04-30 18:43:59,859 DEBUG:FILENAME is: isen-20.nii.gz
2021-04-30 18:43:59,859 INFO:Now running a new set of segmentations on input: example_data/output_preprocessor_batch/PGBM/hdbet_brats-space
2021-04-30 18:43:59,860 DEBUG:/root/BraTS-Toolkit/src/brats-toolkit/brats_toolkit/tmpqi69zjyb
2021-04-30 18:43:59,860 DEBUG:/root/BraTS-Toolkit/src/brats-toolkit/brats_toolkit/tmpqi69zjyb/results
2021-04-30 18:43:59,860 INFO:Called singleSegment with docker: isen-20
2021-04-30 18:43:59,860 INFO:[Weborchestra][Success]Loaded fileformat: {'t1': 'pat_t1.nii.gz', 'fla': 'pat_flair.nii.gz', 't1c': 'pat_t1ce.nii.gz', 't2': 'pat_t2.nii.gz'}
2021-04-30 18:44:00,015 INFO:[Weborchestra][Info] Writing to path /root/BraTS-Toolkit/src/brats-toolkit/brats_toolkit/tmpqi69zjyb/pat_t1.nii.gz
2021-04-30 18:44:00,728 INFO:[Weborchestra][Info] Writing to path /root/BraTS-Toolkit/src/brats-toolkit/brats_toolkit/tmpqi69zjyb/pat_flair.nii.gz
2021-04-30 18:44:01,421 INFO:[Weborchestra][Info] Writing to path /root/BraTS-Toolkit/src/brats-toolkit/brats_toolkit/tmpqi69zjyb/pat_t2.nii.gz
2021-04-30 18:44:02,117 INFO:[Weborchestra][Info] Writing to path /root/BraTS-Toolkit/src/brats-toolkit/brats_toolkit/tmpqi69zjyb/pat_t1ce.nii.gz
2021-04-30 18:44:02,703 INFO:[Weborchestra][Info] Images saved correctly
2021-04-30 18:44:02,703 INFO:[Weborchestra][Info] Starting the Segmentation with isen-20 now
2021-04-30 18:44:02,703 INFO:Now running a segmentation with the Docker isen-20.
2021-04-30 18:44:02,703 INFO:Output will be in /root/BraTS-Toolkit/example_data/output_segmentor/PGBM.
2021-04-30 18:48:31,712 INFO:Container exited without error
2021-04-30 18:48:31,713 INFO:[Weborchestra][Success] Segmentation saved
2021-04-30 18:55:21,476 DEBUG:DIRNAME is: /root/BraTS-Toolkit/example_data/output_segmentor/PGBM
2021-04-30 18:55:21,476 DEBUG:FILENAME is: isen-20.nii.gz
2021-04-30 18:55:21,477 INFO:Now running a new set of segmentations on input: example_data/output_preprocessor_batch/PGBM/hdbet_brats-space
2021-04-30 18:55:21,477 DEBUG:/root/BraTS-Toolkit/src/brats-toolkit/brats_toolkit/tmpib5tho48
2021-04-30 18:55:21,477 DEBUG:/root/BraTS-Toolkit/src/brats-toolkit/brats_toolkit/tmpib5tho48/results
2021-04-30 18:55:21,477 INFO:Called singleSegment with docker: isen-20
2021-04-30 18:55:21,477 INFO:[Weborchestra][Success]Loaded fileformat: {'t1c': 'pat_t1ce.nii.gz', 't1': 'pat_t1.nii.gz', 'fla': 'pat_flair.nii.gz', 't2': 'pat_t2.nii.gz'}
2021-04-30 18:55:21,624 INFO:[Weborchestra][Info] Writing to path /root/BraTS-Toolkit/src/brats-toolkit/brats_toolkit/tmpib5tho48/pat_t1ce.nii.gz
2021-04-30 18:55:22,347 INFO:[Weborchestra][Info] Writing to path /root/BraTS-Toolkit/src/brats-toolkit/brats_toolkit/tmpib5tho48/pat_t1.nii.gz
2021-04-30 18:55:23,050 INFO:[Weborchestra][Info] Writing to path /root/BraTS-Toolkit/src/brats-toolkit/brats_toolkit/tmpib5tho48/pat_flair.nii.gz
2021-04-30 18:55:23,747 INFO:[Weborchestra][Info] Writing to path /root/BraTS-Toolkit/src/brats-toolkit/brats_toolkit/tmpib5tho48/pat_t2.nii.gz
2021-04-30 18:55:24,325 INFO:[Weborchestra][Info] Images saved correctly
2021-04-30 18:55:24,325 INFO:[Weborchestra][Info] Starting the Segmentation with isen-20 now
2021-04-30 18:55:24,326 INFO:Now running a segmentation with the Docker isen-20.
2021-04-30 18:55:24,326 INFO:Output will be in /root/BraTS-Toolkit/example_data/output_segmentor/PGBM.
2021-04-30 18:59:36,159 INFO:Container exited without error
2021-04-30 18:59:36,159 INFO:[Weborchestra][Success] Segmentation saved
2021-04-30 19:01:25,264 DEBUG:DIRNAME is: /root/BraTS-Toolkit/example_data/output_segmentor/PGBM
2021-04-30 19:01:25,264 DEBUG:FILENAME is: isen-20.nii.gz
2021-04-30 19:01:25,264 INFO:Now running a new set of segmentations on input: example_data/output_preprocessor_batch/PGBM/hdbet_brats-space
2021-04-30 19:01:25,264 DEBUG:/root/BraTS-Toolkit/src/brats-toolkit/brats_toolkit/tmp95h6uxco
2021-04-30 19:01:25,265 DEBUG:/root/BraTS-Toolkit/src/brats-toolkit/brats_toolkit/tmp95h6uxco/results
2021-04-30 19:01:25,265 INFO:Called singleSegment with docker: isen-20
2021-04-30 19:01:25,265 INFO:[Weborchestra][Success]Loaded fileformat: {'fla': 'pat_flair.nii.gz', 't1': 'pat_t1.nii.gz', 't1c': 'pat_t1ce.nii.gz', 't2': 'pat_t2.nii.gz'}
2021-04-30 19:01:25,423 INFO:[Weborchestra][Info] Writing to path /root/BraTS-Toolkit/src/brats-toolkit/brats_toolkit/tmp95h6uxco/pat_flair.nii.gz
2021-04-30 19:01:26,145 INFO:[Weborchestra][Info] Writing to path /root/BraTS-Toolkit/src/brats-toolkit/brats_toolkit/tmp95h6uxco/pat_t1.nii.gz
2021-04-30 19:01:26,856 INFO:[Weborchestra][Info] Writing to path /root/BraTS-Toolkit/src/brats-toolkit/brats_toolkit/tmp95h6uxco/pat_t2.nii.gz
2021-04-30 19:01:27,547 INFO:[Weborchestra][Info] Writing to path /root/BraTS-Toolkit/src/brats-toolkit/brats_toolkit/tmp95h6uxco/pat_t1ce.nii.gz
2021-04-30 19:01:28,162 INFO:[Weborchestra][Info] Images saved correctly
2021-04-30 19:01:28,162 INFO:[Weborchestra][Info] Starting the Segmentation with isen-20 now
2021-04-30 19:01:28,162 INFO:Now running a segmentation with the Docker isen-20.
2021-04-30 19:01:28,162 INFO:Output will be in /root/BraTS-Toolkit/example_data/output_segmentor/PGBM.
2021-04-30 19:05:38,595 INFO:Container exited without error
2021-04-30 19:05:38,595 INFO:[Weborchestra][Success] Segmentation saved
2021-05-20 21:28:49,557 DEBUG:DIRNAME is: /root/BraTS-Toolkit/example_data/output_segmentor/PGBM
2021-05-20 21:28:49,558 DEBUG:FILENAME is: isen-20.nii.gz
2021-05-20 21:28:49,559 INFO:Now running a new set of segmentations on input: example_data/output_preprocessor_batch/PGBM/hdbet_brats-space
2021-05-20 21:28:49,559 DEBUG:/root/BraTS-Toolkit/src/brats-toolkit/brats_toolkit/tmphexsj1a7
2021-05-20 21:28:49,559 DEBUG:/root/BraTS-Toolkit/src/brats-toolkit/brats_toolkit/tmphexsj1a7/results
2021-05-20 21:28:49,559 INFO:Called singleSegment with docker: isen-20
2021-05-20 21:28:49,560 INFO:[Weborchestra][Success]Loaded fileformat: {'t2': 'pat_t2.nii.gz', 't1c': 'pat_t1ce.nii.gz', 'fla': 'pat_flair.nii.gz', 't1': 'pat_t1.nii.gz'}
2021-05-20 21:28:49,705 INFO:[Weborchestra][Info] Writing to path /root/BraTS-Toolkit/src/brats-toolkit/brats_toolkit/tmphexsj1a7/pat_t2.nii.gz
2021-05-20 21:28:50,376 INFO:[Weborchestra][Info] Writing to path /root/BraTS-Toolkit/src/brats-toolkit/brats_toolkit/tmphexsj1a7/pat_t1ce.nii.gz
2021-05-20 21:28:51,080 INFO:[Weborchestra][Info] Writing to path /root/BraTS-Toolkit/src/brats-toolkit/brats_toolkit/tmphexsj1a7/pat_flair.nii.gz
2021-05-20 21:28:51,760 INFO:[Weborchestra][Info] Writing to path /root/BraTS-Toolkit/src/brats-toolkit/brats_toolkit/tmphexsj1a7/pat_t1.nii.gz
2021-05-20 21:28:52,292 INFO:[Weborchestra][Info] Images saved correctly
2021-05-20 21:28:52,292 INFO:[Weborchestra][Info] Starting the Segmentation with isen-20 now
2021-05-20 21:28:52,292 INFO:Now running a segmentation with the Docker isen-20.
2021-05-20 21:28:52,292 INFO:Output will be in /root/BraTS-Toolkit/example_data/output_segmentor/PGBM.
2021-05-20 21:33:35,282 INFO:Container exited without error
2021-05-20 21:33:35,285 INFO:[Weborchestra][Success] Segmentation saved
2021-05-20 21:44:23,284 DEBUG:DIRNAME is: /root/BraTS-Toolkit/example_data/output_segmentor/PGBM
2021-05-20 21:44:23,285 DEBUG:FILENAME is: mic-dkfz.nii.gz
2021-05-20 21:44:23,285 INFO:Now running a new set of segmentations on input: example_data/output_preprocessor_batch/PGBM/hdbet_brats-space
2021-05-20 21:44:23,285 DEBUG:/root/BraTS-Toolkit/src/brats-toolkit/brats_toolkit/tmpszruqnkq
2021-05-20 21:44:23,285 DEBUG:/root/BraTS-Toolkit/src/brats-toolkit/brats_toolkit/tmpszruqnkq/results
2021-05-20 21:44:23,285 INFO:Called singleSegment with docker: mic-dkfz
2021-05-20 21:44:23,286 INFO:[Weborchestra][Success]Loaded fileformat: {'fla': 'fla.nii.gz', 't1': 't1.nii.gz', 't1c': 't1c.nii.gz', 't2': 't2.nii.gz'}
2021-05-20 21:44:23,434 INFO:[Weborchestra][Info] Writing to path /root/BraTS-Toolkit/src/brats-toolkit/brats_toolkit/tmpszruqnkq/fla.nii.gz
2021-05-20 21:44:24,137 INFO:[Weborchestra][Info] Writing to path /root/BraTS-Toolkit/src/brats-toolkit/brats_toolkit/tmpszruqnkq/t1.nii.gz
2021-05-20 21:44:24,847 INFO:[Weborchestra][Info] Writing to path /root/BraTS-Toolkit/src/brats-toolkit/brats_toolkit/tmpszruqnkq/t1c.nii.gz
2021-05-20 21:44:25,577 INFO:[Weborchestra][Info] Writing to path /root/BraTS-Toolkit/src/brats-toolkit/brats_toolkit/tmpszruqnkq/t2.nii.gz
2021-05-20 21:44:26,226 INFO:[Weborchestra][Info] Images saved correctly
2021-05-20 21:44:26,226 INFO:[Weborchestra][Info] Starting the Segmentation with mic-dkfz now
2021-05-20 21:44:26,226 INFO:Now running a segmentation with the Docker mic-dkfz.
2021-05-20 21:44:26,227 INFO:Output will be in /root/BraTS-Toolkit/example_data/output_segmentor/PGBM.
2021-05-20 21:46:45,676 INFO:Container exited without error
2021-05-20 21:46:45,677 INFO:[Weborchestra][Success] Segmentation saved
