2021-02-09 16:27:08.336558: I tensorflow/core/platform/cpu_feature_guard.cc:141] Your CPU supports instructions that this TensorFlow binary was not compiled to use: AVX2 FMA
2021-02-09 16:27:08.546328: I tensorflow/stream_executor/cuda/cuda_gpu_executor.cc:897] successful NUMA node read from SysFS had negative value (-1), but there must be at least one NUMA node, so returning NUMA node zero
2021-02-09 16:27:08.547098: I tensorflow/core/common_runtime/gpu/gpu_device.cc:1405] Found device 0 with properties: 
name: Tesla T4 major: 7 minor: 5 memoryClockRate(GHz): 1.59
pciBusID: 0000:00:04.0
totalMemory: 14.75GiB freeMemory: 14.01GiB
2021-02-09 16:27:08.547139: I tensorflow/core/common_runtime/gpu/gpu_device.cc:1484] Adding visible gpu devices: 0
2021-02-09 16:27:10.076658: I tensorflow/core/common_runtime/gpu/gpu_device.cc:965] Device interconnect StreamExecutor with strength 1 edge matrix:
2021-02-09 16:27:10.076752: I tensorflow/core/common_runtime/gpu/gpu_device.cc:971]      0 
2021-02-09 16:27:10.076763: I tensorflow/core/common_runtime/gpu/gpu_device.cc:984] 0:   N 
2021-02-09 16:27:10.077954: I tensorflow/core/common_runtime/gpu/gpu_device.cc:1097] Created TensorFlow device (/job:localhost/replica:0/task:0/device:GPU:0 with 13543 MB memory) -> physical GPU (device: 0, name: Tesla T4, pci bus id: 0000:00:04.0, compute capability: 7.5)
WARNING:tensorflow:From /brats18/UNet3D.py:134: softmax_cross_entropy_with_logits (from tensorflow.python.ops.nn_ops) is deprecated and will be removed in a future version.
Instructions for updating:

Future major versions of TensorFlow will allow gradients to flow
into the labels input on backprop by default.

See @{tf.nn.softmax_cross_entropy_with_logits_v2}.

2021-02-09 16:30:04.658749: I tensorflow/core/common_runtime/gpu/gpu_device.cc:1484] Adding visible gpu devices: 0
2021-02-09 16:30:04.658838: I tensorflow/core/common_runtime/gpu/gpu_device.cc:965] Device interconnect StreamExecutor with strength 1 edge matrix:
2021-02-09 16:30:04.658851: I tensorflow/core/common_runtime/gpu/gpu_device.cc:971]      0 
2021-02-09 16:30:04.658862: I tensorflow/core/common_runtime/gpu/gpu_device.cc:984] 0:   N 
2021-02-09 16:30:04.658986: I tensorflow/core/common_runtime/gpu/gpu_device.cc:1097] Created TensorFlow device (/job:localhost/replica:0/task:0/device:GPU:0 with 13543 MB memory) -> physical GPU (device: 0, name: Tesla T4, pci bus id: 0000:00:04.0, compute capability: 7.5)
2021-02-09 16:32:43.500344: I tensorflow/core/common_runtime/gpu/gpu_device.cc:1484] Adding visible gpu devices: 0
2021-02-09 16:32:43.500437: I tensorflow/core/common_runtime/gpu/gpu_device.cc:965] Device interconnect StreamExecutor with strength 1 edge matrix:
2021-02-09 16:32:43.500457: I tensorflow/core/common_runtime/gpu/gpu_device.cc:971]      0 
2021-02-09 16:32:43.500474: I tensorflow/core/common_runtime/gpu/gpu_device.cc:984] 0:   N 
2021-02-09 16:32:43.500612: I tensorflow/core/common_runtime/gpu/gpu_device.cc:1097] Created TensorFlow device (/job:localhost/replica:0/task:0/device:GPU:0 with 13543 MB memory) -> physical GPU (device: 0, name: Tesla T4, pci bus id: 0000:00:04.0, compute capability: 7.5)
2021-02-09 16:35:57.321192: I tensorflow/core/common_runtime/gpu/gpu_device.cc:1484] Adding visible gpu devices: 0
2021-02-09 16:35:57.321302: I tensorflow/core/common_runtime/gpu/gpu_device.cc:965] Device interconnect StreamExecutor with strength 1 edge matrix:
2021-02-09 16:35:57.321312: I tensorflow/core/common_runtime/gpu/gpu_device.cc:971]      0 
2021-02-09 16:35:57.321319: I tensorflow/core/common_runtime/gpu/gpu_device.cc:984] 0:   N 
2021-02-09 16:35:57.321463: I tensorflow/core/common_runtime/gpu/gpu_device.cc:1097] Created TensorFlow device (/job:localhost/replica:0/task:0/device:GPU:0 with 13543 MB memory) -> physical GPU (device: 0, name: Tesla T4, pci bus id: 0000:00:04.0, compute capability: 7.5)
2021-02-09 16:39:10.279900: I tensorflow/core/common_runtime/gpu/gpu_device.cc:1484] Adding visible gpu devices: 0
2021-02-09 16:39:10.279977: I tensorflow/core/common_runtime/gpu/gpu_device.cc:965] Device interconnect StreamExecutor with strength 1 edge matrix:
2021-02-09 16:39:10.279985: I tensorflow/core/common_runtime/gpu/gpu_device.cc:971]      0 
2021-02-09 16:39:10.279992: I tensorflow/core/common_runtime/gpu/gpu_device.cc:984] 0:   N 
2021-02-09 16:39:10.280110: I tensorflow/core/common_runtime/gpu/gpu_device.cc:1097] Created TensorFlow device (/job:localhost/replica:0/task:0/device:GPU:0 with 13543 MB memory) -> physical GPU (device: 0, name: Tesla T4, pci bus id: 0000:00:04.0, compute capability: 7.5)
2021-02-09 16:40:14.337194: I tensorflow/core/common_runtime/gpu/gpu_device.cc:1484] Adding visible gpu devices: 0
2021-02-09 16:40:14.337268: I tensorflow/core/common_runtime/gpu/gpu_device.cc:965] Device interconnect StreamExecutor with strength 1 edge matrix:
2021-02-09 16:40:14.337276: I tensorflow/core/common_runtime/gpu/gpu_device.cc:971]      0 
2021-02-09 16:40:14.337283: I tensorflow/core/common_runtime/gpu/gpu_device.cc:984] 0:   N 
2021-02-09 16:40:14.337383: I tensorflow/core/common_runtime/gpu/gpu_device.cc:1097] Created TensorFlow device (/job:localhost/replica:0/task:0/device:GPU:0 with 13543 MB memory) -> physical GPU (device: 0, name: Tesla T4, pci bus id: 0000:00:04.0, compute capability: 7.5)
